2025-08-26 17:58:34,070 ERROR Failed to load test.flac
2025-09-19 13:21:01,329 ERROR Failed to load test.flac: [Errno 2] No such file or directory: '/Users/nsearls/Documents/audio-embeddings/data2wav_out/model_output/test.pt'
2025-09-19 13:21:27,932 ERROR Failed to load test.flac: [Errno 2] No such file or directory: '/Users/nsearls/Documents/audio-embeddings/data2wav_out/model_output/test.pt'
2025-09-19 14:01:59,103 ERROR Failed to load test.flac: [Errno 2] No such file or directory: '/Users/nsearls/Documents/audio-embeddings/data2wav_out/model_output/test.pt'
2025-09-19 14:06:01,017 INFO Processing 5 audio files...
2025-09-19 14:06:02,727 INFO Processed 4 files successfully
2025-09-19 14:06:02,727 INFO Creating transcriptions from processed logits...
2025-09-19 14:06:02,730 INFO Saved transcription for mytest.flac
2025-09-19 14:06:02,730 INFO Saved transcription for test4.flac
2025-09-19 14:06:02,731 INFO Saved transcription for test2.flac
2025-09-19 14:06:02,732 INFO Saved transcription for test3.flac
2025-09-19 14:06:02,732 INFO Finished creating transcriptions
2025-09-19 14:10:01,481 INFO Processing 5 audio files...
2025-09-19 14:10:02,510 INFO File 1/5 - mytest.flac: CPU: 293.8→886.5MB (+592.7), GPU: 0.0→0.0MB (+0.0)
2025-09-19 14:10:02,531 ERROR Error reading test.flac: Error : unknown error in flac decoder.
2025-09-19 14:10:02,689 INFO File 3/5 - test4.flac: CPU: 886.5→1008.7MB (+122.2), GPU: 0.0→0.0MB (+0.0)
2025-09-19 14:10:03,043 INFO File 4/5 - test2.flac: CPU: 1008.7→1204.9MB (+196.2), GPU: 0.0→0.0MB (+0.0)
2025-09-19 14:10:03,283 INFO File 5/5 - test3.flac: CPU: 1204.9→1218.6MB (+13.7), GPU: 0.0→0.0MB (+0.0)
2025-09-19 14:10:03,283 INFO Processed 4 files successfully
2025-09-19 14:10:03,283 INFO Creating transcriptions from processed logits...
2025-09-19 14:11:07,159 INFO Processing 5 audio files...
2025-09-19 14:11:08,201 INFO File 1/5 - mytest.flac: CPU: 292.7 -> 867.9MB (+575.2), GPU: 0.0 -> 0.0MB (+0.0)
2025-09-19 14:11:08,222 ERROR Error reading test.flac: Error : unknown error in flac decoder.
2025-09-19 14:11:08,393 INFO File 3/5 - test4.flac: CPU: 867.9 -> 992.6MB (+124.7), GPU: 0.0 -> 0.0MB (+0.0)
2025-09-19 14:11:08,763 INFO File 4/5 - test2.flac: CPU: 992.6 -> 1161.0MB (+168.4), GPU: 0.0 -> 0.0MB (+0.0)
2025-09-19 14:11:08,925 INFO File 5/5 - test3.flac: CPU: 1161.0 -> 1161.5MB (+0.5), GPU: 0.0 -> 0.0MB (+0.0)
2025-09-19 14:11:08,925 INFO Processed 4 files successfully
2025-09-19 14:11:08,925 INFO Creating transcriptions from processed logits...
2025-09-19 14:11:26,694 INFO Processing 5 audio files...
2025-09-19 14:11:26,882 INFO File 1/5 - mytest.flac: CPU: 293.8 -> 870.6MB (+576.8), 
2025-09-19 14:11:26,903 ERROR Error reading test.flac: Error : unknown error in flac decoder.
2025-09-19 14:11:27,071 INFO File 3/5 - test4.flac: CPU: 870.6 -> 994.0MB (+123.4), 
2025-09-19 14:11:27,409 INFO File 4/5 - test2.flac: CPU: 994.0 -> 1184.6MB (+190.5), 
2025-09-19 14:11:27,581 INFO File 5/5 - test3.flac: CPU: 1184.6 -> 1189.4MB (+4.8), 
2025-09-19 14:11:27,581 INFO Processed 4 files successfully
2025-09-19 14:11:27,581 INFO Creating transcriptions from processed logits...
2025-09-19 14:11:40,883 INFO Processing 5 audio files...
2025-09-19 14:11:41,067 INFO File 1/5 -> mytest.flac: CPU: 295.7 -> 892.7 MB (+597.0), 
2025-09-19 14:11:41,087 ERROR Error reading test.flac: Error : unknown error in flac decoder.
2025-09-19 14:11:41,245 INFO File 3/5 -> test4.flac: CPU: 892.8 -> 1010.5 MB (+117.7), 
2025-09-19 14:11:41,567 INFO File 4/5 -> test2.flac: CPU: 1010.5 -> 1197.0 MB (+186.5), 
2025-09-19 14:11:41,728 INFO File 5/5 -> test3.flac: CPU: 1197.0 -> 1201.7 MB (+4.7), 
2025-09-19 14:11:41,728 INFO Processed 4 files successfully
2025-09-19 14:11:41,728 INFO Creating transcriptions from processed logits...
2025-09-19 14:13:04,644 INFO Processing 32 audio files...
2025-09-19 14:13:05,706 INFO File 1/32 -> test4 copy 12.flac: CPU: 296.9 -> 919.0 MB (+622.1), 
2025-09-19 14:13:05,850 INFO File 2/32 -> test4 copy 9.flac: CPU: 919.0 -> 921.7 MB (+2.7), 
2025-09-19 14:13:05,993 INFO File 3/32 -> test4 copy 5.flac: CPU: 921.7 -> 929.8 MB (+8.0), 
2025-09-19 14:13:06,137 INFO File 4/32 -> test4 copy 24.flac: CPU: 929.8 -> 937.8 MB (+8.0), 
2025-09-19 14:13:06,274 INFO File 5/32 -> mytest.flac: CPU: 937.8 -> 958.7 MB (+20.8), 
2025-09-19 14:13:06,421 INFO File 6/32 -> test4 copy 25.flac: CPU: 958.7 -> 961.3 MB (+2.6), 
2025-09-19 14:13:06,565 INFO File 7/32 -> test4 copy 4.flac: CPU: 961.3 -> 961.4 MB (+0.1), 
2025-09-19 14:13:06,709 INFO File 8/32 -> test4 copy 8.flac: CPU: 961.4 -> 961.4 MB (+0.0), 
2025-09-19 14:13:06,853 INFO File 9/32 -> test4 copy 13.flac: CPU: 961.4 -> 961.4 MB (+0.0), 
2025-09-19 14:13:07,000 INFO File 10/32 -> test4 copy 18.flac: CPU: 961.4 -> 961.4 MB (+0.0), 
2025-09-19 14:13:07,142 INFO File 11/32 -> test4 copy 3.flac: CPU: 961.4 -> 961.4 MB (+0.0), 
2025-09-19 14:13:07,293 INFO File 12/32 -> test4 copy 22.flac: CPU: 961.4 -> 961.4 MB (+0.0), 
2025-09-19 14:13:07,436 INFO File 13/32 -> test4 copy 14.flac: CPU: 961.4 -> 961.8 MB (+0.3), 
2025-09-19 14:13:07,471 ERROR Error reading test.flac: Error : unknown error in flac decoder.
2025-09-19 14:13:07,632 INFO File 15/32 -> test4 copy 15.flac: CPU: 961.3 -> 974.4 MB (+13.1), 
2025-09-19 14:13:07,786 INFO File 16/32 -> test4 copy 23.flac: CPU: 974.4 -> 986.6 MB (+12.2), 
2025-09-19 14:13:07,934 INFO File 17/32 -> test4 copy 2.flac: CPU: 986.6 -> 986.6 MB (+0.0), 
2025-09-19 14:13:08,081 INFO File 18/32 -> test4 copy 19.flac: CPU: 986.6 -> 994.5 MB (+7.9), 
2025-09-19 14:13:08,228 INFO File 19/32 -> test4 copy 20.flac: CPU: 994.5 -> 994.5 MB (+0.0), 
2025-09-19 14:13:08,379 INFO File 20/32 -> test4.flac: CPU: 994.5 -> 994.8 MB (+0.2), 
2025-09-19 14:13:08,538 INFO File 21/32 -> test4 copy 16.flac: CPU: 994.8 -> 992.2 MB (+-2.6), 
2025-09-19 14:13:08,689 INFO File 22/32 -> test4 copy 17.flac: CPU: 992.2 -> 972.8 MB (+-19.4), 
2025-09-19 14:13:08,841 INFO File 23/32 -> test4 copy 21.flac: CPU: 972.8 -> 989.5 MB (+16.8), 
2025-09-19 14:13:09,190 INFO File 24/32 -> test2.flac: CPU: 989.5 -> 1075.0 MB (+85.5), 
2025-09-19 14:13:09,344 INFO File 25/32 -> test4 copy 10.flac: CPU: 1075.0 -> 1141.3 MB (+66.3), 
2025-09-19 14:13:09,493 INFO File 26/32 -> test4 copy 26.flac: CPU: 1141.3 -> 1142.2 MB (+0.9), 
2025-09-19 14:13:09,641 INFO File 27/32 -> test4 copy 7.flac: CPU: 1142.2 -> 1143.2 MB (+1.0), 
2025-09-19 14:13:09,788 INFO File 28/32 -> test4 copy.flac: CPU: 1143.2 -> 1143.2 MB (+0.0), 
2025-09-19 14:13:09,935 INFO File 29/32 -> test4 copy 6.flac: CPU: 1143.2 -> 1143.2 MB (+0.0), 
2025-09-19 14:13:10,084 INFO File 30/32 -> test4 copy 27.flac: CPU: 1143.2 -> 1143.3 MB (+0.1), 
2025-09-19 14:13:10,258 INFO File 31/32 -> test4 copy 11.flac: CPU: 1143.3 -> 1144.1 MB (+0.8), 
2025-09-19 14:13:10,429 INFO File 32/32 -> test3.flac: CPU: 1144.1 -> 1144.4 MB (+0.3), 
2025-09-19 14:13:10,429 INFO Processed 31 files successfully
2025-09-19 14:13:10,429 INFO Creating transcriptions from processed logits...
2025-09-19 14:17:20,216 INFO Processing 32 audio files...
2025-09-19 14:17:21,206 INFO File 1/32 -> test4 copy 12.flac: CPU: 295.1 -> 918.2 MB (+623.2), 
2025-09-19 14:17:21,353 INFO File 2/32 -> test4 copy 9.flac: CPU: 918.2 -> 922.2 MB (+4.0), 
2025-09-19 14:17:21,492 INFO File 3/32 -> test4 copy 5.flac: CPU: 922.2 -> 930.0 MB (+7.8), 
2025-09-19 14:17:21,633 INFO File 4/32 -> test4 copy 24.flac: CPU: 930.0 -> 930.1 MB (+0.1), 
2025-09-19 14:17:21,763 INFO File 5/32 -> mytest.flac: CPU: 930.1 -> 948.5 MB (+18.4), 
2025-09-19 14:17:21,906 INFO File 6/32 -> test4 copy 25.flac: CPU: 948.5 -> 948.7 MB (+0.2), 
2025-09-19 14:17:22,047 INFO File 7/32 -> test4 copy 4.flac: CPU: 948.7 -> 948.7 MB (+0.0), 
2025-09-19 14:17:22,187 INFO File 8/32 -> test4 copy 8.flac: CPU: 948.7 -> 948.8 MB (+0.0), 
2025-09-19 14:17:22,334 INFO File 9/32 -> test4 copy 13.flac: CPU: 948.8 -> 952.9 MB (+4.1), 
2025-09-19 14:17:22,477 INFO File 10/32 -> test4 copy 18.flac: CPU: 952.9 -> 952.9 MB (+0.0), 
2025-09-19 14:17:22,615 INFO File 11/32 -> test4 copy 3.flac: CPU: 952.9 -> 952.9 MB (+0.0), 
2025-09-19 14:17:22,755 INFO File 12/32 -> test4 copy 22.flac: CPU: 952.9 -> 952.9 MB (+0.0), 
2025-09-19 14:17:22,894 INFO File 13/32 -> test4 copy 14.flac: CPU: 952.9 -> 952.9 MB (+0.0), 
2025-09-19 14:17:22,915 ERROR Error reading test.flac: Error : unknown error in flac decoder.
2025-09-19 14:17:23,059 INFO File 15/32 -> test4 copy 15.flac: CPU: 952.9 -> 952.9 MB (+0.0), 
2025-09-19 14:17:23,200 INFO File 16/32 -> test4 copy 23.flac: CPU: 952.9 -> 952.9 MB (+0.0), 
2025-09-19 14:17:23,344 INFO File 17/32 -> test4 copy 2.flac: CPU: 952.9 -> 971.3 MB (+18.4), 
2025-09-19 14:17:23,489 INFO File 18/32 -> test4 copy 19.flac: CPU: 971.3 -> 979.1 MB (+7.9), 
2025-09-19 14:17:23,639 INFO File 19/32 -> test4 copy 20.flac: CPU: 979.1 -> 987.3 MB (+8.2), 
2025-09-19 14:17:23,785 INFO File 20/32 -> test4.flac: CPU: 987.3 -> 987.3 MB (+0.0), 
2025-09-19 14:17:23,931 INFO File 21/32 -> test4 copy 16.flac: CPU: 987.3 -> 995.2 MB (+7.8), 
2025-09-19 14:17:24,078 INFO File 22/32 -> test4 copy 17.flac: CPU: 995.2 -> 995.2 MB (+0.0), 
2025-09-19 14:17:24,224 INFO File 23/32 -> test4 copy 21.flac: CPU: 995.2 -> 995.2 MB (+0.0), 
2025-09-19 14:17:24,550 INFO File 24/32 -> test2.flac: CPU: 995.2 -> 1052.4 MB (+57.2), 
2025-09-19 14:17:24,703 INFO File 25/32 -> test4 copy 10.flac: CPU: 1052.4 -> 1068.6 MB (+16.2), 
2025-09-19 14:17:24,847 INFO File 26/32 -> test4 copy 26.flac: CPU: 1068.6 -> 1071.8 MB (+3.2), 
2025-09-19 14:17:24,997 INFO File 27/32 -> test4 copy 7.flac: CPU: 1071.8 -> 1074.3 MB (+2.5), 
2025-09-19 14:17:25,140 INFO File 28/32 -> test4 copy.flac: CPU: 1074.3 -> 1074.3 MB (+0.0), 
2025-09-19 14:17:25,284 INFO File 29/32 -> test4 copy 6.flac: CPU: 1074.3 -> 1074.3 MB (+0.0), 
2025-09-19 14:17:25,429 INFO File 30/32 -> test4 copy 27.flac: CPU: 1074.3 -> 1074.3 MB (+0.0), 
2025-09-19 14:17:25,574 INFO File 31/32 -> test4 copy 11.flac: CPU: 1074.3 -> 1075.8 MB (+1.5), 
2025-09-19 14:17:25,738 INFO File 32/32 -> test3.flac: CPU: 1075.8 -> 1075.8 MB (+0.0), 
2025-09-19 14:17:25,738 INFO Processed 31 files successfully
2025-09-19 14:17:25,738 INFO Creating transcriptions from processed logits...
2025-09-19 14:17:46,482 INFO Processing 33 audio files...
2025-09-19 14:17:47,552 INFO File 1/33 -> test4 copy 12.flac: CPU: 291.5 -> 898.9 MB (+607.3), 
2025-09-19 14:17:47,705 INFO File 2/33 -> test4 copy 9.flac: CPU: 898.9 -> 921.1 MB (+22.3), 
2025-09-19 14:25:53,376 INFO Processing 32 audio files...
2025-09-19 14:25:54,377 INFO File 1/32 -> test4 copy 12.flac: CPU: 297.3 -> 907.5 MB (+610.2)
2025-09-19 14:25:54,528 INFO File 2/32 -> test4 copy 9.flac: CPU: 907.6 -> 921.9 MB (+14.3)
2025-09-19 14:25:54,674 INFO File 3/32 -> test4 copy 5.flac: CPU: 921.9 -> 929.8 MB (+7.9)
2025-09-19 14:25:54,821 INFO File 4/32 -> test4 copy 24.flac: CPU: 929.8 -> 937.7 MB (+7.8)
2025-09-19 14:25:54,957 INFO File 5/32 -> mytest.flac: CPU: 937.7 -> 956.2 MB (+18.5)
2025-09-19 14:25:55,099 INFO File 6/32 -> test4 copy 25.flac: CPU: 956.2 -> 956.2 MB (+0.0)
2025-09-19 14:25:55,245 INFO File 7/32 -> test4 copy 4.flac: CPU: 956.2 -> 956.3 MB (+0.1)
2025-09-19 14:25:55,389 INFO File 8/32 -> test4 copy 8.flac: CPU: 956.3 -> 956.3 MB (+0.0)
2025-09-19 14:25:55,532 INFO File 9/32 -> test4 copy 13.flac: CPU: 956.3 -> 956.4 MB (+0.0)
2025-09-19 14:25:55,676 INFO File 10/32 -> test4 copy 18.flac: CPU: 956.4 -> 956.6 MB (+0.2)
2025-09-19 14:25:55,818 INFO File 11/32 -> test4 copy 3.flac: CPU: 956.6 -> 956.6 MB (+0.0)
2025-09-19 14:25:55,961 INFO File 12/32 -> test4 copy 22.flac: CPU: 956.6 -> 956.6 MB (+0.0)
2025-09-19 14:25:56,105 INFO File 13/32 -> test4 copy 14.flac: CPU: 956.6 -> 956.6 MB (+0.0)
2025-09-19 14:25:56,127 ERROR Error reading test.flac: Error : unknown error in flac decoder.
2025-09-19 14:25:56,293 INFO File 15/32 -> test4 copy 15.flac: CPU: 956.6 -> 956.6 MB (+0.0)
2025-09-19 14:25:56,436 INFO File 16/32 -> test4 copy 23.flac: CPU: 956.6 -> 977.6 MB (+21.0)
2025-09-19 14:25:56,582 INFO File 17/32 -> test4 copy 2.flac: CPU: 977.6 -> 977.6 MB (+0.0)
2025-09-19 14:25:56,729 INFO File 18/32 -> test4 copy 19.flac: CPU: 977.6 -> 985.5 MB (+7.9)
2025-09-19 14:25:56,874 INFO File 19/32 -> test4 copy 20.flac: CPU: 985.5 -> 985.5 MB (+0.0)
2025-09-19 14:25:57,024 INFO File 20/32 -> test4.flac: CPU: 985.5 -> 988.2 MB (+2.6)
2025-09-19 14:25:57,171 INFO File 21/32 -> test4 copy 16.flac: CPU: 988.2 -> 988.2 MB (+0.0)
2025-09-19 14:25:57,316 INFO File 22/32 -> test4 copy 17.flac: CPU: 988.2 -> 988.2 MB (+0.0)
2025-09-19 14:25:57,462 INFO File 23/32 -> test4 copy 21.flac: CPU: 988.2 -> 988.1 MB (+-0.0)
2025-09-19 14:25:57,827 INFO File 24/32 -> test2.flac: CPU: 988.1 -> 1174.9 MB (+186.7)
2025-09-19 14:25:57,975 INFO File 25/32 -> test4 copy 10.flac: CPU: 1174.9 -> 1174.9 MB (+0.0)
2025-09-19 14:25:58,121 INFO File 26/32 -> test4 copy 26.flac: CPU: 1174.9 -> 1174.9 MB (+0.0)
2025-09-19 14:25:58,268 INFO File 27/32 -> test4 copy 7.flac: CPU: 1174.9 -> 1180.1 MB (+5.2)
2025-09-19 14:25:58,414 INFO File 28/32 -> test4 copy.flac: CPU: 1180.1 -> 1180.1 MB (+0.0)
2025-09-19 14:25:58,585 INFO File 29/32 -> test4 copy 6.flac: CPU: 1180.1 -> 1180.1 MB (+0.0)
2025-09-19 14:25:58,731 INFO File 30/32 -> test4 copy 27.flac: CPU: 1180.1 -> 1180.2 MB (+0.0)
2025-09-19 14:25:58,880 INFO File 31/32 -> test4 copy 11.flac: CPU: 1180.2 -> 1180.2 MB (+0.0)
2025-09-19 14:25:59,046 INFO File 32/32 -> test3.flac: CPU: 1180.2 -> 1184.9 MB (+4.7)
2025-09-19 14:25:59,047 INFO Processed 31 files successfully
2025-09-19 14:25:59,047 INFO Creating transcriptions from processed logits...
2025-09-19 14:27:22,874 INFO Processing 32 audio files...
2025-09-19 14:27:22,884 INFO File test4 copy 12.flac: 6.7s, estimated 0.8MB
2025-09-19 14:27:23,096 INFO File 1/32 -> test4 copy 12.flac: CPU: 296.9 -> 905.7 MB (+608.8)
2025-09-19 14:27:23,097 INFO File test4 copy 9.flac: 6.7s, estimated 0.8MB
2025-09-19 14:27:23,246 INFO File 2/32 -> test4 copy 9.flac: CPU: 905.7 -> 921.5 MB (+15.8)
2025-09-19 14:27:23,247 INFO File test4 copy 5.flac: 6.7s, estimated 0.8MB
2025-09-19 14:27:23,388 INFO File 3/32 -> test4 copy 5.flac: CPU: 921.5 -> 929.4 MB (+7.9)
2025-09-19 14:27:23,389 INFO File test4 copy 24.flac: 6.7s, estimated 0.8MB
2025-09-19 14:27:23,528 INFO File 4/32 -> test4 copy 24.flac: CPU: 929.4 -> 929.5 MB (+0.1)
2025-09-19 14:27:23,530 INFO File mytest.flac: 5.9s, estimated 0.7MB
2025-09-19 14:27:23,662 INFO File 5/32 -> mytest.flac: CPU: 929.5 -> 948.2 MB (+18.7)
2025-09-19 14:27:23,663 INFO File test4 copy 25.flac: 6.7s, estimated 0.8MB
2025-09-19 14:27:23,805 INFO File 6/32 -> test4 copy 25.flac: CPU: 948.2 -> 958.6 MB (+10.5)
2025-09-19 14:27:23,806 INFO File test4 copy 4.flac: 6.7s, estimated 0.8MB
2025-09-19 14:27:23,948 INFO File 7/32 -> test4 copy 4.flac: CPU: 958.6 -> 966.5 MB (+7.9)
2025-09-19 14:27:23,949 INFO File test4 copy 8.flac: 6.7s, estimated 0.8MB
2025-09-19 14:27:24,089 INFO File 8/32 -> test4 copy 8.flac: CPU: 966.5 -> 966.5 MB (+0.0)
2025-09-19 14:27:24,091 INFO File test4 copy 13.flac: 6.7s, estimated 0.8MB
2025-09-19 14:27:24,232 INFO File 9/32 -> test4 copy 13.flac: CPU: 966.5 -> 966.5 MB (+0.0)
2025-09-19 14:27:24,233 INFO File test4 copy 18.flac: 6.7s, estimated 0.8MB
2025-09-19 14:27:24,374 INFO File 10/32 -> test4 copy 18.flac: CPU: 966.5 -> 966.5 MB (+0.0)
2025-09-19 14:27:24,375 INFO File test4 copy 3.flac: 6.7s, estimated 0.8MB
2025-09-19 14:27:24,517 INFO File 11/32 -> test4 copy 3.flac: CPU: 966.5 -> 966.6 MB (+0.0)
2025-09-19 14:27:24,518 INFO File test4 copy 22.flac: 6.7s, estimated 0.8MB
2025-09-19 14:27:24,657 INFO File 12/32 -> test4 copy 22.flac: CPU: 966.6 -> 966.8 MB (+0.2)
2025-09-19 14:27:24,659 INFO File test4 copy 14.flac: 6.7s, estimated 0.8MB
2025-09-19 14:27:24,803 INFO File 13/32 -> test4 copy 14.flac: CPU: 966.8 -> 966.9 MB (+0.2)
2025-09-19 14:27:24,803 INFO File test.flac: 103.0s, estimated 12.6MB
2025-09-19 14:27:24,825 ERROR Error reading test.flac: Error : unknown error in flac decoder.
2025-09-19 14:27:24,827 INFO File test4 copy 15.flac: 6.7s, estimated 0.8MB
2025-09-19 14:27:24,983 INFO File 15/32 -> test4 copy 15.flac: CPU: 966.9 -> 966.9 MB (+0.0)
2025-09-19 14:27:24,984 INFO File test4 copy 23.flac: 6.7s, estimated 0.8MB
2025-09-19 14:27:25,127 INFO File 16/32 -> test4 copy 23.flac: CPU: 966.9 -> 967.0 MB (+0.1)
2025-09-19 14:27:25,128 INFO File test4 copy 2.flac: 6.7s, estimated 0.8MB
2025-09-19 14:27:25,286 INFO File 17/32 -> test4 copy 2.flac: CPU: 967.0 -> 979.0 MB (+12.0)
2025-09-19 14:27:25,287 INFO File test4 copy 19.flac: 6.7s, estimated 0.8MB
2025-09-19 14:27:25,442 INFO File 18/32 -> test4 copy 19.flac: CPU: 979.0 -> 994.7 MB (+15.7)
2025-09-19 14:27:25,443 INFO File test4 copy 20.flac: 6.7s, estimated 0.8MB
2025-09-19 14:27:25,584 INFO File 19/32 -> test4 copy 20.flac: CPU: 994.7 -> 1002.6 MB (+7.9)
2025-09-19 14:27:25,586 INFO File test4.flac: 6.7s, estimated 0.8MB
2025-09-19 14:27:25,732 INFO File 20/32 -> test4.flac: CPU: 1002.6 -> 1002.8 MB (+0.2)
2025-09-19 14:27:25,733 INFO File test4 copy 16.flac: 6.7s, estimated 0.8MB
2025-09-19 14:27:25,874 INFO File 21/32 -> test4 copy 16.flac: CPU: 1002.8 -> 1002.8 MB (+0.0)
2025-09-19 14:27:25,875 INFO File test4 copy 17.flac: 6.7s, estimated 0.8MB
2025-09-19 14:27:26,019 INFO File 22/32 -> test4 copy 17.flac: CPU: 1002.8 -> 1002.8 MB (+0.0)
2025-09-19 14:27:26,019 INFO File test4 copy 21.flac: 6.7s, estimated 0.8MB
2025-09-19 14:27:26,164 INFO File 23/32 -> test4 copy 21.flac: CPU: 1002.8 -> 1002.8 MB (+0.0)
2025-09-19 14:27:26,165 INFO File test2.flac: 14.2s, estimated 4.8MB
2025-09-19 14:27:26,527 INFO File 24/32 -> test2.flac: CPU: 1002.8 -> 1189.3 MB (+186.5)
2025-09-19 14:27:26,529 INFO File test4 copy 10.flac: 6.7s, estimated 0.8MB
2025-09-19 14:27:26,669 INFO File 25/32 -> test4 copy 10.flac: CPU: 1189.3 -> 1189.3 MB (+0.0)
2025-09-19 14:27:26,670 INFO File test4 copy 26.flac: 6.7s, estimated 0.8MB
2025-09-19 14:27:26,812 INFO File 26/32 -> test4 copy 26.flac: CPU: 1189.3 -> 1189.3 MB (+0.0)
2025-09-19 14:27:26,814 INFO File test4 copy 7.flac: 6.7s, estimated 0.8MB
2025-09-19 14:27:26,958 INFO File 27/32 -> test4 copy 7.flac: CPU: 1189.3 -> 1189.4 MB (+0.1)
2025-09-19 14:27:26,959 INFO File test4 copy.flac: 6.7s, estimated 0.8MB
2025-09-19 14:27:27,104 INFO File 28/32 -> test4 copy.flac: CPU: 1189.4 -> 1189.4 MB (+-0.0)
2025-09-19 14:27:27,105 INFO File test4 copy 6.flac: 6.7s, estimated 0.8MB
2025-09-19 14:27:27,247 INFO File 29/32 -> test4 copy 6.flac: CPU: 1189.4 -> 1189.4 MB (+0.0)
2025-09-19 14:27:27,248 INFO File test4 copy 27.flac: 6.7s, estimated 0.8MB
2025-09-19 14:27:27,390 INFO File 30/32 -> test4 copy 27.flac: CPU: 1189.4 -> 1189.4 MB (+0.0)
2025-09-19 14:27:27,391 INFO File test4 copy 11.flac: 6.7s, estimated 0.8MB
2025-09-19 14:27:27,536 INFO File 31/32 -> test4 copy 11.flac: CPU: 1189.4 -> 1197.3 MB (+7.9)
2025-09-19 14:27:27,537 INFO File test3.flac: 8.0s, estimated 1.0MB
2025-09-19 14:27:27,738 INFO File 32/32 -> test3.flac: CPU: 1197.3 -> 1202.0 MB (+4.8)
2025-09-19 14:27:27,739 INFO Processed 31 files successfully
2025-09-19 14:27:27,739 INFO Creating transcriptions from processed logits...
2025-09-19 14:27:39,120 INFO Processing 33 audio files...
2025-09-19 14:27:39,128 INFO File test4 copy 12.flac: 6.7s, estimated 0.8MB
2025-09-19 14:27:39,321 INFO File 1/33 -> test4 copy 12.flac: CPU: 297.1 -> 909.4 MB (+612.3)
2025-09-19 14:27:39,322 INFO File test4 copy 9.flac: 6.7s, estimated 0.8MB
2025-09-19 14:27:39,492 INFO File 2/33 -> test4 copy 9.flac: CPU: 909.4 -> 925.5 MB (+16.0)
2025-09-19 14:27:39,492 INFO File noise_1hour_16k.flac: 3600.0s, estimated 439.5MB
2025-09-19 14:31:03,767 INFO Processing 33 audio files...
2025-09-19 14:31:03,778 INFO File test4 copy 12.flac: 6.7s, estimated 0.8MB
2025-09-19 14:31:04,652 INFO File 1/33 -> test4 copy 12.flac: CPU: 296.8 -> 899.7 MB (+602.9)
2025-09-19 14:31:04,652 INFO File test4 copy 9.flac: 6.7s, estimated 0.8MB
2025-09-19 14:31:04,798 INFO File 2/33 -> test4 copy 9.flac: CPU: 899.7 -> 920.7 MB (+21.0)
2025-09-19 14:31:04,799 INFO File noise_1hour_16k.flac: 3600.0s, estimated 439.5MB
2025-09-19 14:33:50,482 INFO Processing 33 audio files...
2025-09-19 14:33:50,492 INFO File test4 copy 12.flac: 6.7s, estimated 0.8MB
2025-09-19 14:34:18,791 INFO Processing 33 audio files...
2025-09-19 14:34:18,798 INFO File test4 copy 12.flac: 6.7s, estimated 0.8MB
2025-09-19 14:34:27,716 INFO Processing 33 audio files...
2025-09-19 14:34:27,723 INFO File test4 copy 12.flac: 6.7s, estimated 0.8MB
2025-09-19 14:36:54,279 INFO Processing 33 audio files...
2025-09-19 14:36:54,287 INFO File test4 copy 12.flac: 6.7s, estimated 0.8MB
2025-09-19 14:36:54,709 INFO File 1/33 -> test4 copy 12.flac: CPU: 295.4 -> 907.0 MB (+611.6)
2025-09-19 14:36:54,710 INFO File test4 copy 9.flac: 6.7s, estimated 0.8MB
2025-09-19 14:36:54,858 INFO File 2/33 -> test4 copy 9.flac: CPU: 907.0 -> 922.9 MB (+15.9)
2025-09-19 14:36:54,860 INFO File noise_1hour_16k.flac: 3600.0s, estimated 439.5MB
2025-09-19 14:37:51,974 INFO Processing 33 audio files...
2025-09-19 14:37:51,985 INFO File test4 copy 12.flac: 6.7s, estimated 0.8MB
2025-09-19 14:37:52,865 INFO File 1/33 -> test4 copy 12.flac: CPU: 293.2 -> 917.2 MB (+624.1)
2025-09-19 14:37:52,865 INFO File test4 copy 9.flac: 6.7s, estimated 0.8MB
2025-09-19 14:37:53,016 INFO File 2/33 -> test4 copy 9.flac: CPU: 917.2 -> 929.5 MB (+12.2)
2025-09-19 14:37:53,017 INFO File noise_1hour_16k.flac: 3600.0s, estimated 439.5MB
2025-09-19 14:44:36,917 INFO Processing 33 audio files...
2025-09-19 14:44:36,926 INFO File test4 copy 12.flac: 6.7s, estimated 0.8MB
2025-09-19 14:44:37,121 INFO File 1/33 -> test4 copy 12.flac: CPU: 293.2 -> 887.8 MB (+594.6)
2025-09-19 14:44:37,122 INFO File test4 copy 9.flac: 6.7s, estimated 0.8MB
2025-09-19 14:44:37,269 INFO File 2/33 -> test4 copy 9.flac: CPU: 887.8 -> 903.8 MB (+16.0)
2025-09-19 14:44:37,270 INFO File noise_1hour_16k.flac: 3600.0s, estimated 439.5MB
2025-09-19 14:44:54,672 INFO Processing 33 audio files...
2025-09-19 14:44:54,710 INFO File test4 copy 12.flac: 6.7s, estimated 0.8MB
2025-09-19 14:44:54,873 INFO File 1/33 -> test4 copy 12.flac: CPU: 716.0 -> 963.0 MB (+247.0)
2025-09-19 14:44:54,873 INFO File test4 copy 9.flac: 6.7s, estimated 0.8MB
2025-09-19 14:44:55,001 INFO File 2/33 -> test4 copy 9.flac: CPU: 963.1 -> 979.6 MB (+16.6)
2025-09-19 14:44:55,002 INFO File noise_1hour_16k.flac: 3600.0s, estimated 439.5MB
2025-09-19 14:45:17,404 INFO Processing 33 audio files...
2025-09-19 14:45:22,077 INFO File test4 copy 12.flac: 6.7s, estimated 0.8MB
2025-09-19 14:45:30,493 INFO File 1/33 -> test4 copy 12.flac: CPU: 326.7 -> 947.8 MB (+621.1)
2025-09-19 14:45:31,784 INFO File test4 copy 9.flac: 6.7s, estimated 0.8MB
2025-09-19 14:45:31,978 INFO File 2/33 -> test4 copy 9.flac: CPU: 947.9 -> 956.4 MB (+8.5)
2025-09-19 14:45:32,883 INFO File noise_1hour_16k.flac: 3600.0s, estimated 439.5MB
2025-09-19 14:45:45,291 INFO Processing 33 audio files...
2025-09-19 14:45:47,297 INFO File test4 copy 12.flac: 6.7s, estimated 0.8MB
2025-09-19 14:45:48,168 INFO File 1/33 -> test4 copy 12.flac: CPU: 325.7 -> 938.4 MB (+612.7)
2025-09-19 14:45:48,953 INFO File test4 copy 9.flac: 6.7s, estimated 0.8MB
2025-09-19 14:45:49,126 INFO File 2/33 -> test4 copy 9.flac: CPU: 938.4 -> 948.3 MB (+9.9)
2025-09-19 14:45:49,989 INFO File noise_1hour_16k.flac: 3600.0s, estimated 439.5MB
2025-09-19 14:45:59,259 INFO Processing 33 audio files...
2025-09-19 14:46:01,434 INFO File test4 copy 12.flac: 6.7s, estimated 0.8MB
2025-09-19 14:46:01,646 INFO File 1/33 -> test4 copy 12.flac: CPU: 327.4 -> 943.7 MB (+616.3)
2025-09-19 14:46:03,148 INFO File test4 copy 9.flac: 6.7s, estimated 0.8MB
2025-09-19 14:46:03,339 INFO File 2/33 -> test4 copy 9.flac: CPU: 943.7 -> 945.5 MB (+1.8)
2025-09-19 14:46:16,610 INFO File noise_1hour_16k.flac: 3600.0s, estimated 439.5MB
2025-09-19 14:48:43,974 INFO Processing 33 audio files...
2025-09-19 14:48:46,099 WARNING Could not estimate memory for /Users/nsearls/Documents/audio-embeddings/data2wav_in/test4 copy 12.flac: 'AudioEmbedding' object has no attribute 'get_available_memory_mb'
2025-09-19 14:48:46,307 INFO File 1/33 -> test4 copy 12.flac: CPU: 330.8 -> 943.2 MB (+612.4)
2025-09-19 14:48:47,782 WARNING Could not estimate memory for /Users/nsearls/Documents/audio-embeddings/data2wav_in/test4 copy 9.flac: 'AudioEmbedding' object has no attribute 'get_available_memory_mb'
2025-09-19 14:48:47,956 INFO File 2/33 -> test4 copy 9.flac: CPU: 943.2 -> 974.1 MB (+30.9)
2025-09-19 14:49:23,825 INFO Processing 33 audio files...
2025-09-19 14:49:23,837 WARNING Could not estimate memory for /Users/nsearls/Documents/audio-embeddings/data2wav_in/test4 copy 12.flac: 'AudioEmbedding' object has no attribute 'get_available_memory_mb'
2025-09-19 14:49:24,061 INFO File 1/33 -> test4 copy 12.flac: CPU: 327.6 -> 966.9 MB (+639.3)
2025-09-19 14:49:24,062 WARNING Could not estimate memory for /Users/nsearls/Documents/audio-embeddings/data2wav_in/test4 copy 9.flac: 'AudioEmbedding' object has no attribute 'get_available_memory_mb'
2025-09-19 14:49:24,214 INFO File 2/33 -> test4 copy 9.flac: CPU: 966.9 -> 967.0 MB (+0.1)
2025-09-19 14:49:24,215 WARNING Could not estimate memory for /Users/nsearls/Documents/audio-embeddings/data2wav_in/noise_1hour_16k.flac: 'AudioEmbedding' object has no attribute 'get_available_memory_mb'
2025-09-19 14:50:07,829 INFO Processing 33 audio files...
2025-09-19 14:50:16,812 WARNING Could not estimate memory for /Users/nsearls/Documents/audio-embeddings/data2wav_in/test4 copy 12.flac: 'AudioEmbedding' object has no attribute 'get_available_memory_mb'
2025-09-19 14:50:17,338 INFO File 1/33 -> test4 copy 12.flac: CPU: 327.8 -> 950.5 MB (+622.7)
2025-09-19 14:50:18,681 WARNING Could not estimate memory for /Users/nsearls/Documents/audio-embeddings/data2wav_in/test4 copy 9.flac: 'AudioEmbedding' object has no attribute 'get_available_memory_mb'
2025-09-19 14:50:18,899 INFO File 2/33 -> test4 copy 9.flac: CPU: 950.5 -> 964.6 MB (+14.1)
2025-09-19 14:52:19,004 INFO Processing 33 audio files...
2025-09-19 14:52:21,590 WARNING Could not estimate memory for /Users/nsearls/Documents/audio-embeddings/data2wav_in/test4 copy 12.flac: get_available_memory_mb() missing 1 required positional argument: 'self'
2025-09-19 14:52:21,806 INFO File 1/33 -> test4 copy 12.flac: CPU: 326.8 -> 933.6 MB (+606.8)
2025-09-19 14:52:23,308 WARNING Could not estimate memory for /Users/nsearls/Documents/audio-embeddings/data2wav_in/test4 copy 9.flac: get_available_memory_mb() missing 1 required positional argument: 'self'
2025-09-19 14:52:23,484 INFO File 2/33 -> test4 copy 9.flac: CPU: 933.6 -> 938.9 MB (+5.3)
2025-09-19 14:52:28,434 WARNING Could not estimate memory for /Users/nsearls/Documents/audio-embeddings/data2wav_in/noise_1hour_16k.flac: get_available_memory_mb() missing 1 required positional argument: 'self'
2025-09-19 14:52:45,576 INFO Processing 33 audio files...
2025-09-19 14:53:25,372 WARNING Could not estimate memory for /Users/nsearls/Documents/audio-embeddings/data2wav_in/test4 copy 12.flac: get_available_memory_mb() missing 1 required positional argument: 'self'
2025-09-19 14:53:25,593 INFO File 1/33 -> test4 copy 12.flac: CPU: 327.6 -> 945.8 MB (+618.2)
2025-09-19 14:53:31,940 INFO Processing 33 audio files...
2025-09-19 14:53:33,065 INFO File test4 copy 12.flac: 6.7s, estimated 1.2MB, available 6980.8MB, threshold 2094.2MB
2025-09-19 14:53:33,276 INFO File 1/33 -> test4 copy 12.flac: CPU: 327.9 -> 932.9 MB (+605.0)
2025-09-19 14:53:34,583 INFO File test4 copy 9.flac: 6.7s, estimated 1.2MB, available 6822.7MB, threshold 2046.8MB
2025-09-19 14:53:34,761 INFO File 2/33 -> test4 copy 9.flac: CPU: 933.0 -> 968.9 MB (+35.9)
2025-09-19 14:54:19,720 INFO File noise_1hour_16k.flac: 3600.0s, estimated 659.2MB, available 6669.5MB, threshold 2000.9MB
2025-09-19 14:57:02,367 INFO Processing 33 audio files...
2025-09-19 14:57:43,245 INFO Processing 33 audio files...
2025-09-19 14:57:48,129 INFO File test4 copy 12.flac: 6.7s
2025-09-19 14:57:48,130 INFO   Audio: 0.4MB, Attention: 61.3MB, Total est: 98.6MB
2025-09-19 14:57:48,131 INFO   Available: 7703.5MB, Threshold: 1155.5MB
2025-09-19 14:57:48,765 INFO File 1/33 -> test4 copy 12.flac: CPU: 328.9 -> 946.2 MB (+617.3)
2025-09-19 14:57:51,730 INFO File test4 copy 9.flac: 6.7s
2025-09-19 14:57:51,730 INFO   Audio: 0.4MB, Attention: 61.3MB, Total est: 98.6MB
2025-09-19 14:57:51,730 INFO   Available: 7496.4MB, Threshold: 1124.5MB
2025-09-19 14:57:51,894 INFO File 2/33 -> test4 copy 9.flac: CPU: 946.2 -> 957.5 MB (+11.3)
2025-09-19 14:58:23,074 INFO File noise_1hour_16k.flac: 3600.0s
2025-09-19 14:58:28,241 INFO   Audio: 219.7MB, Attention: 17797851.6MB, Total est: 17817962.0MB
2025-09-19 14:58:33,831 INFO   Available: 7432.0MB, Threshold: 1114.8MB
2025-09-19 15:01:46,297 INFO Processing 33 audio files...
2025-09-19 15:01:46,308 INFO File test4 copy 12.flac: 6.7s
2025-09-19 15:01:46,308 INFO   Audio: 0.4MB, Attention: 61.3MB, Total est: 97.9MB
2025-09-19 15:01:46,308 INFO   Available: 6496.1MB, Threshold: 974.4MB
2025-09-19 15:01:46,551 INFO File 1/33 -> test4 copy 12.flac: CPU: 295.8 -> 909.8 MB (+614.0)
2025-09-19 15:01:46,552 INFO File test4 copy 9.flac: 6.7s
2025-09-19 15:01:46,552 INFO   Audio: 0.4MB, Attention: 61.3MB, Total est: 97.9MB
2025-09-19 15:01:46,552 INFO   Available: 6650.5MB, Threshold: 997.6MB
2025-09-19 15:01:46,699 INFO File 2/33 -> test4 copy 9.flac: CPU: 909.8 -> 921.9 MB (+12.1)
2025-09-19 15:01:46,700 INFO File noise_1hour_16k.flac: 3600.0s
2025-09-19 15:01:46,700 INFO   Audio: 219.7MB, Attention: 17797851.6MB, Total est: 17817605.0MB
2025-09-19 15:01:46,700 INFO   Available: 6635.3MB, Threshold: 995.3MB
2025-09-19 15:01:46,700 INFO File noise_1hour_16k.flac too large (17817605.0MB > 1990.6MB), using streaming method
2025-09-19 15:01:46,700 INFO Streaming large file: /Users/nsearls/Documents/audio-embeddings/data2wav_in/noise_1hour_16k.flac
2025-09-19 15:01:46,700 INFO Processing noise_1hour_16k.flac in 61 chunks of 60.0s each
2025-09-19 15:01:48,214 INFO Chunk 1/61: 60.0s, CPU: 921.9 -> 1062.6 MB (+140.7)
2025-09-19 15:01:49,653 INFO Chunk 2/61: 60.0s, CPU: 1062.6 -> 1115.7 MB (+53.1)
2025-09-19 15:01:51,058 INFO Chunk 3/61: 60.0s, CPU: 1115.7 -> 1123.0 MB (+7.3)
2025-09-19 15:01:52,523 INFO Chunk 4/61: 60.0s, CPU: 1123.0 -> 1136.6 MB (+13.6)
2025-09-19 15:01:53,978 INFO Chunk 5/61: 60.0s, CPU: 1136.6 -> 1138.0 MB (+1.3)
2025-09-19 15:01:55,487 INFO Chunk 6/61: 60.0s, CPU: 1138.0 -> 1138.0 MB (+0.0)
2025-09-19 15:01:57,066 INFO Chunk 7/61: 60.0s, CPU: 1138.0 -> 1138.5 MB (+0.5)
2025-09-19 15:01:58,543 INFO Chunk 8/61: 60.0s, CPU: 1138.5 -> 1138.5 MB (+0.0)
2025-09-19 15:01:59,990 INFO Chunk 9/61: 60.0s, CPU: 1138.5 -> 1138.5 MB (+0.0)
2025-09-19 15:02:01,552 INFO Chunk 10/61: 60.0s, CPU: 1138.5 -> 1145.9 MB (+7.3)
2025-09-19 15:02:03,197 INFO Chunk 11/61: 60.0s, CPU: 1145.9 -> 1145.9 MB (+0.0)
2025-09-19 15:02:04,792 INFO Chunk 12/61: 60.0s, CPU: 1145.9 -> 1146.9 MB (+1.0)
2025-09-19 15:02:06,280 INFO Chunk 13/61: 60.0s, CPU: 1146.9 -> 1148.2 MB (+1.3)
2025-09-19 15:02:07,877 INFO Chunk 14/61: 60.0s, CPU: 1148.2 -> 1148.8 MB (+0.6)
2025-09-19 15:02:09,483 INFO Chunk 15/61: 60.0s, CPU: 1148.8 -> 1148.8 MB (+0.0)
2025-09-19 15:02:11,065 INFO Chunk 16/61: 60.0s, CPU: 1148.8 -> 1149.2 MB (+0.4)
2025-09-19 15:02:12,696 INFO Chunk 17/61: 60.0s, CPU: 1149.2 -> 1150.8 MB (+1.6)
2025-09-19 15:02:14,140 INFO Chunk 18/61: 60.0s, CPU: 1150.8 -> 1156.7 MB (+5.9)
2025-09-19 15:02:15,627 INFO Chunk 19/61: 60.0s, CPU: 1156.7 -> 1168.3 MB (+11.6)
2025-09-19 15:02:17,159 INFO Chunk 20/61: 60.0s, CPU: 1168.3 -> 1169.0 MB (+0.8)
2025-09-19 15:02:18,749 INFO Chunk 21/61: 60.0s, CPU: 1169.0 -> 1170.3 MB (+1.3)
2025-09-19 15:02:20,336 INFO Chunk 22/61: 60.0s, CPU: 1170.3 -> 1170.9 MB (+0.5)
2025-09-19 15:02:21,887 INFO Chunk 23/61: 60.0s, CPU: 1170.9 -> 1171.8 MB (+0.9)
2025-09-19 15:02:23,448 INFO Chunk 24/61: 60.0s, CPU: 1171.8 -> 1172.5 MB (+0.7)
2025-09-19 15:02:25,047 INFO Chunk 25/61: 60.0s, CPU: 1172.5 -> 1172.7 MB (+0.2)
2025-09-19 15:02:26,714 INFO Chunk 26/61: 60.0s, CPU: 1172.7 -> 1180.6 MB (+7.9)
2025-09-19 15:02:28,242 INFO Chunk 27/61: 60.0s, CPU: 1180.6 -> 1186.9 MB (+6.3)
2025-09-19 15:02:29,728 INFO Chunk 28/61: 60.0s, CPU: 1186.9 -> 1187.3 MB (+0.4)
2025-09-19 15:02:31,337 INFO Chunk 29/61: 60.0s, CPU: 1187.3 -> 1191.0 MB (+3.8)
2025-09-19 15:02:32,974 INFO Chunk 30/61: 60.0s, CPU: 1191.0 -> 1191.0 MB (+0.0)
2025-09-19 15:02:34,621 INFO Chunk 31/61: 60.0s, CPU: 1191.0 -> 1191.3 MB (+0.2)
2025-09-19 15:02:36,309 INFO Chunk 32/61: 60.0s, CPU: 1191.3 -> 1191.3 MB (+0.0)
2025-09-19 15:02:38,022 INFO Chunk 33/61: 60.0s, CPU: 1191.3 -> 1191.3 MB (+0.0)
2025-09-19 15:02:39,659 INFO Chunk 34/61: 60.0s, CPU: 1191.3 -> 1191.3 MB (+0.0)
2025-09-19 15:02:41,286 INFO Chunk 35/61: 60.0s, CPU: 1191.3 -> 1191.3 MB (+0.0)
2025-09-19 15:02:42,971 INFO Chunk 36/61: 60.0s, CPU: 1191.3 -> 1191.3 MB (+0.0)
2025-09-19 15:02:44,634 INFO Chunk 37/61: 60.0s, CPU: 1191.3 -> 1191.3 MB (+0.0)
2025-09-19 15:02:46,290 INFO Chunk 38/61: 60.0s, CPU: 1191.3 -> 1191.5 MB (+0.2)
2025-09-19 15:02:47,937 INFO Chunk 39/61: 60.0s, CPU: 1191.5 -> 1191.5 MB (+0.0)
2025-09-19 15:02:49,575 INFO Chunk 40/61: 60.0s, CPU: 1191.5 -> 1191.7 MB (+0.2)
2025-09-19 15:02:51,209 INFO Chunk 41/61: 60.0s, CPU: 1191.7 -> 1191.7 MB (+0.0)
2025-09-19 15:02:52,832 INFO Chunk 42/61: 60.0s, CPU: 1191.7 -> 1191.7 MB (+0.0)
2025-09-19 15:02:54,475 INFO Chunk 43/61: 60.0s, CPU: 1191.7 -> 1191.7 MB (+0.0)
2025-09-19 15:02:56,141 INFO Chunk 44/61: 60.0s, CPU: 1191.7 -> 1191.7 MB (+0.0)
2025-09-19 15:02:57,816 INFO Chunk 45/61: 60.0s, CPU: 1191.7 -> 1192.6 MB (+0.9)
2025-09-19 15:02:59,482 INFO Chunk 46/61: 60.0s, CPU: 1192.6 -> 1200.1 MB (+7.5)
2025-09-19 15:03:01,461 INFO Chunk 47/61: 60.0s, CPU: 1200.1 -> 1204.1 MB (+4.0)
2025-09-19 15:03:03,073 INFO Chunk 48/61: 60.0s, CPU: 1204.1 -> 1204.3 MB (+0.2)
2025-09-19 15:03:04,700 INFO Chunk 49/61: 60.0s, CPU: 1204.3 -> 1204.3 MB (+0.0)
2025-09-19 15:03:06,294 INFO Chunk 50/61: 60.0s, CPU: 1204.3 -> 1204.8 MB (+0.5)
2025-09-19 15:03:07,995 INFO Chunk 51/61: 60.0s, CPU: 1204.8 -> 1204.8 MB (+0.0)
2025-09-19 15:03:09,629 INFO Chunk 52/61: 60.0s, CPU: 1204.8 -> 1204.8 MB (+0.0)
2025-09-19 15:03:11,265 INFO Chunk 53/61: 60.0s, CPU: 1204.8 -> 1204.8 MB (+0.0)
2025-09-19 15:03:12,842 INFO Chunk 54/61: 60.0s, CPU: 1204.8 -> 1210.7 MB (+5.9)
2025-09-19 15:03:14,471 INFO Chunk 55/61: 60.0s, CPU: 1210.7 -> 1210.7 MB (+0.0)
2025-09-19 15:03:16,130 INFO Chunk 56/61: 60.0s, CPU: 1210.7 -> 1210.7 MB (+0.0)
2025-09-19 15:03:17,765 INFO Chunk 57/61: 60.0s, CPU: 1210.7 -> 1211.0 MB (+0.4)
2025-09-19 15:03:19,367 INFO Chunk 58/61: 60.0s, CPU: 1211.0 -> 1211.0 MB (+0.0)
2025-09-19 15:03:21,000 INFO Chunk 59/61: 60.0s, CPU: 1211.0 -> 1211.0 MB (+0.0)
2025-09-19 15:03:22,629 INFO Chunk 60/61: 60.0s, CPU: 1211.0 -> 1211.2 MB (+0.2)
2025-09-19 15:03:22,670 INFO File 3/33 -> noise_1hour_16k.flac: CPU: 921.9 -> 1211.2 MB (+289.3)
2025-09-19 15:03:22,672 INFO File test4 copy 5.flac: 6.7s
2025-09-19 15:03:22,672 INFO   Audio: 0.4MB, Attention: 61.3MB, Total est: 97.9MB
2025-09-19 15:03:22,672 INFO   Available: 7086.2MB, Threshold: 1062.9MB
2025-09-19 15:03:22,846 INFO File 4/33 -> test4 copy 5.flac: CPU: 1211.2 -> 1185.3 MB (+-26.0)
2025-09-19 15:03:22,848 INFO File test4 copy 24.flac: 6.7s
2025-09-19 15:03:22,848 INFO   Audio: 0.4MB, Attention: 61.3MB, Total est: 97.9MB
2025-09-19 15:03:22,848 INFO   Available: 7049.2MB, Threshold: 1057.4MB
2025-09-19 15:03:22,997 INFO File 5/33 -> test4 copy 24.flac: CPU: 1185.3 -> 1185.3 MB (+0.0)
2025-09-19 15:03:22,999 INFO File mytest.flac: 5.9s
2025-09-19 15:03:22,999 INFO   Audio: 0.4MB, Attention: 47.5MB, Total est: 79.7MB
2025-09-19 15:03:22,999 INFO   Available: 7027.6MB, Threshold: 1054.1MB
2025-09-19 15:03:23,135 INFO File 6/33 -> mytest.flac: CPU: 1185.3 -> 1192.0 MB (+6.7)
2025-09-19 15:03:23,136 INFO File test4 copy 25.flac: 6.7s
2025-09-19 15:03:23,136 INFO   Audio: 0.4MB, Attention: 61.3MB, Total est: 97.9MB
2025-09-19 15:03:23,136 INFO   Available: 7004.5MB, Threshold: 1050.7MB
2025-09-19 15:03:23,283 INFO File 7/33 -> test4 copy 25.flac: CPU: 1192.0 -> 1192.0 MB (+0.0)
2025-09-19 15:03:23,284 INFO File test4 copy 4.flac: 6.7s
2025-09-19 15:03:23,284 INFO   Audio: 0.4MB, Attention: 61.3MB, Total est: 97.9MB
2025-09-19 15:03:23,284 INFO   Available: 7010.0MB, Threshold: 1051.5MB
2025-09-19 15:03:23,425 INFO File 8/33 -> test4 copy 4.flac: CPU: 1192.0 -> 1192.0 MB (+0.0)
2025-09-19 15:03:23,427 INFO File test4 copy 8.flac: 6.7s
2025-09-19 15:03:23,427 INFO   Audio: 0.4MB, Attention: 61.3MB, Total est: 97.9MB
2025-09-19 15:03:23,427 INFO   Available: 7009.1MB, Threshold: 1051.4MB
2025-09-19 15:03:23,564 INFO File 9/33 -> test4 copy 8.flac: CPU: 1192.0 -> 1192.0 MB (+0.0)
2025-09-19 15:03:23,566 INFO File test4 copy 13.flac: 6.7s
2025-09-19 15:03:23,566 INFO   Audio: 0.4MB, Attention: 61.3MB, Total est: 97.9MB
2025-09-19 15:03:23,566 INFO   Available: 7009.9MB, Threshold: 1051.5MB
2025-09-19 15:03:23,725 INFO File 10/33 -> test4 copy 13.flac: CPU: 1192.0 -> 1192.0 MB (+0.0)
2025-09-19 15:03:23,726 INFO File test4 copy 18.flac: 6.7s
2025-09-19 15:03:23,726 INFO   Audio: 0.4MB, Attention: 61.3MB, Total est: 97.9MB
2025-09-19 15:03:23,726 INFO   Available: 7006.5MB, Threshold: 1051.0MB
2025-09-19 15:03:23,872 INFO File 11/33 -> test4 copy 18.flac: CPU: 1192.0 -> 1192.0 MB (+0.0)
2025-09-19 15:03:23,873 INFO File test4 copy 3.flac: 6.7s
2025-09-19 15:03:23,873 INFO   Audio: 0.4MB, Attention: 61.3MB, Total est: 97.9MB
2025-09-19 15:03:23,873 INFO   Available: 7006.6MB, Threshold: 1051.0MB
2025-09-19 15:03:24,026 INFO File 12/33 -> test4 copy 3.flac: CPU: 1192.0 -> 1192.0 MB (+0.0)
2025-09-19 15:03:24,027 INFO File test4 copy 22.flac: 6.7s
2025-09-19 15:03:24,027 INFO   Audio: 0.4MB, Attention: 61.3MB, Total est: 97.9MB
2025-09-19 15:03:24,027 INFO   Available: 7005.8MB, Threshold: 1050.9MB
2025-09-19 15:03:24,171 INFO File 13/33 -> test4 copy 22.flac: CPU: 1192.0 -> 1192.0 MB (+0.0)
2025-09-19 15:03:24,172 INFO File test4 copy 14.flac: 6.7s
2025-09-19 15:03:24,172 INFO   Audio: 0.4MB, Attention: 61.3MB, Total est: 97.9MB
2025-09-19 15:03:24,172 INFO   Available: 7005.1MB, Threshold: 1050.8MB
2025-09-19 15:03:24,341 INFO File 14/33 -> test4 copy 14.flac: CPU: 1192.0 -> 1192.0 MB (+0.0)
2025-09-19 15:03:24,342 INFO File test.flac: 103.0s
2025-09-19 15:03:24,342 INFO   Audio: 6.3MB, Attention: 14574.9MB, Total est: 15140.2MB
2025-09-19 15:03:24,342 INFO   Available: 6989.0MB, Threshold: 1048.3MB
2025-09-19 15:03:24,342 INFO File test.flac too large (15140.2MB > 2096.7MB), using streaming method
2025-09-19 15:03:24,342 INFO Streaming large file: /Users/nsearls/Documents/audio-embeddings/data2wav_in/test.flac
2025-09-19 15:03:24,342 INFO Processing test.flac in 2 chunks of 60.0s each
2025-09-19 15:03:26,023 INFO Chunk 1/2: 60.0s, CPU: 1192.0 -> 1208.4 MB (+16.4)
2025-09-19 15:03:26,033 ERROR Error streaming test.flac: Error : unknown error in flac decoder.
2025-09-19 15:03:26,034 INFO File test4 copy 15.flac: 6.7s
2025-09-19 15:03:26,034 INFO   Audio: 0.4MB, Attention: 61.3MB, Total est: 97.9MB
2025-09-19 15:03:26,034 INFO   Available: 6982.2MB, Threshold: 1047.3MB
2025-09-19 15:03:26,205 INFO File 16/33 -> test4 copy 15.flac: CPU: 1208.4 -> 1182.6 MB (+-25.8)
2025-09-19 15:03:26,206 INFO File test4 copy 23.flac: 6.7s
2025-09-19 15:03:26,206 INFO   Audio: 0.4MB, Attention: 61.3MB, Total est: 97.9MB
2025-09-19 15:03:26,206 INFO   Available: 6974.4MB, Threshold: 1046.2MB
2025-09-19 15:03:26,359 INFO File 17/33 -> test4 copy 23.flac: CPU: 1182.6 -> 1182.6 MB (+0.0)
2025-09-19 15:03:26,360 INFO File test4 copy 2.flac: 6.7s
2025-09-19 15:03:26,360 INFO   Audio: 0.4MB, Attention: 61.3MB, Total est: 97.9MB
2025-09-19 15:03:26,360 INFO   Available: 6974.4MB, Threshold: 1046.2MB
2025-09-19 15:03:26,515 INFO File 18/33 -> test4 copy 2.flac: CPU: 1182.6 -> 1182.6 MB (+0.0)
2025-09-19 15:03:26,516 INFO File test4 copy 19.flac: 6.7s
2025-09-19 15:03:26,516 INFO   Audio: 0.4MB, Attention: 61.3MB, Total est: 97.9MB
2025-09-19 15:03:26,516 INFO   Available: 6974.4MB, Threshold: 1046.2MB
2025-09-19 15:03:26,663 INFO File 19/33 -> test4 copy 19.flac: CPU: 1182.6 -> 1182.6 MB (+0.0)
2025-09-19 15:03:26,663 INFO File test4 copy 20.flac: 6.7s
2025-09-19 15:03:26,663 INFO   Audio: 0.4MB, Attention: 61.3MB, Total est: 97.9MB
2025-09-19 15:03:26,664 INFO   Available: 6974.4MB, Threshold: 1046.2MB
2025-09-19 15:03:26,818 INFO File 20/33 -> test4 copy 20.flac: CPU: 1182.6 -> 1182.6 MB (+0.0)
2025-09-19 15:03:26,819 INFO File test4.flac: 6.7s
2025-09-19 15:03:26,819 INFO   Audio: 0.4MB, Attention: 61.3MB, Total est: 97.9MB
2025-09-19 15:03:26,819 INFO   Available: 7021.6MB, Threshold: 1053.2MB
2025-09-19 15:03:26,984 INFO File 21/33 -> test4.flac: CPU: 1182.6 -> 1182.6 MB (+0.0)
2025-09-19 15:03:26,986 INFO File test4 copy 16.flac: 6.7s
2025-09-19 15:03:26,986 INFO   Audio: 0.4MB, Attention: 61.3MB, Total est: 97.9MB
2025-09-19 15:03:26,986 INFO   Available: 7023.3MB, Threshold: 1053.5MB
2025-09-19 15:03:27,128 INFO File 22/33 -> test4 copy 16.flac: CPU: 1182.6 -> 1182.7 MB (+0.1)
2025-09-19 15:03:27,129 INFO File test4 copy 17.flac: 6.7s
2025-09-19 15:03:27,129 INFO   Audio: 0.4MB, Attention: 61.3MB, Total est: 97.9MB
2025-09-19 15:03:27,129 INFO   Available: 7024.2MB, Threshold: 1053.6MB
2025-09-19 15:03:27,274 INFO File 23/33 -> test4 copy 17.flac: CPU: 1182.7 -> 1182.7 MB (+0.0)
2025-09-19 15:03:27,275 INFO File test4 copy 21.flac: 6.7s
2025-09-19 15:03:27,275 INFO   Audio: 0.4MB, Attention: 61.3MB, Total est: 97.9MB
2025-09-19 15:03:27,275 INFO   Available: 7022.8MB, Threshold: 1053.4MB
2025-09-19 15:03:27,420 INFO File 24/33 -> test4 copy 21.flac: CPU: 1182.7 -> 1182.7 MB (+0.0)
2025-09-19 15:03:27,421 INFO File test2.flac: 14.2s
2025-09-19 15:03:27,421 INFO   Audio: 2.4MB, Attention: 275.4MB, Total est: 355.4MB
2025-09-19 15:03:27,421 INFO   Available: 7035.5MB, Threshold: 1055.3MB
2025-09-19 15:03:27,721 INFO File 25/33 -> test2.flac: CPU: 1182.7 -> 1298.8 MB (+116.1)
2025-09-19 15:03:27,722 INFO File test4 copy 10.flac: 6.7s
2025-09-19 15:03:27,722 INFO   Audio: 0.4MB, Attention: 61.3MB, Total est: 97.9MB
2025-09-19 15:03:27,722 INFO   Available: 6997.2MB, Threshold: 1049.6MB
2025-09-19 15:03:27,865 INFO File 26/33 -> test4 copy 10.flac: CPU: 1298.8 -> 1298.9 MB (+0.1)
2025-09-19 15:03:27,866 INFO File test4 copy 26.flac: 6.7s
2025-09-19 15:03:27,866 INFO   Audio: 0.4MB, Attention: 61.3MB, Total est: 97.9MB
2025-09-19 15:03:27,866 INFO   Available: 6998.9MB, Threshold: 1049.8MB
2025-09-19 15:03:28,015 INFO File 27/33 -> test4 copy 26.flac: CPU: 1298.9 -> 1298.9 MB (+0.0)
2025-09-19 15:03:28,016 INFO File test4 copy 7.flac: 6.7s
2025-09-19 15:03:28,016 INFO   Audio: 0.4MB, Attention: 61.3MB, Total est: 97.9MB
2025-09-19 15:03:28,016 INFO   Available: 7000.0MB, Threshold: 1050.0MB
2025-09-19 15:03:28,163 INFO File 28/33 -> test4 copy 7.flac: CPU: 1298.9 -> 1298.9 MB (+0.0)
2025-09-19 15:03:28,164 INFO File test4 copy.flac: 6.7s
2025-09-19 15:03:28,164 INFO   Audio: 0.4MB, Attention: 61.3MB, Total est: 97.9MB
2025-09-19 15:03:28,164 INFO   Available: 7010.2MB, Threshold: 1051.5MB
2025-09-19 15:03:28,308 INFO File 29/33 -> test4 copy.flac: CPU: 1298.9 -> 1298.9 MB (+0.0)
2025-09-19 15:03:28,309 INFO File test4 copy 6.flac: 6.7s
2025-09-19 15:03:28,309 INFO   Audio: 0.4MB, Attention: 61.3MB, Total est: 97.9MB
2025-09-19 15:03:28,309 INFO   Available: 7010.2MB, Threshold: 1051.5MB
2025-09-19 15:03:28,460 INFO File 30/33 -> test4 copy 6.flac: CPU: 1298.9 -> 1298.9 MB (+0.0)
2025-09-19 15:03:28,461 INFO File test4 copy 27.flac: 6.7s
2025-09-19 15:03:28,462 INFO   Audio: 0.4MB, Attention: 61.3MB, Total est: 97.9MB
2025-09-19 15:03:28,462 INFO   Available: 7010.2MB, Threshold: 1051.5MB
2025-09-19 15:03:28,611 INFO File 31/33 -> test4 copy 27.flac: CPU: 1298.9 -> 1298.9 MB (+0.0)
2025-09-19 15:03:28,613 INFO File test4 copy 11.flac: 6.7s
2025-09-19 15:03:28,613 INFO   Audio: 0.4MB, Attention: 61.3MB, Total est: 97.9MB
2025-09-19 15:03:28,613 INFO   Available: 7010.2MB, Threshold: 1051.5MB
2025-09-19 15:03:28,762 INFO File 32/33 -> test4 copy 11.flac: CPU: 1298.9 -> 1298.9 MB (+0.0)
2025-09-19 15:03:28,763 INFO File test3.flac: 8.0s
2025-09-19 15:03:28,763 INFO   Audio: 0.5MB, Attention: 87.9MB, Total est: 131.8MB
2025-09-19 15:03:28,763 INFO   Available: 7010.2MB, Threshold: 1051.5MB
2025-09-19 15:03:28,917 INFO File 33/33 -> test3.flac: CPU: 1298.9 -> 1308.9 MB (+10.0)
2025-09-19 15:03:28,918 INFO Processed 91 files successfully
2025-09-19 15:03:28,918 INFO Creating transcriptions from processed logits...
2025-09-19 15:05:36,394 INFO Processing 33 audio files...
2025-09-19 15:09:00,401 INFO Processing 33 audio files...
2025-09-19 15:09:00,410 ERROR Error streaming test4 copy 12.flac: name 'max_usage_mb' is not defined
2025-09-19 15:09:00,410 ERROR Error streaming test4 copy 9.flac: name 'max_usage_mb' is not defined
2025-09-19 15:09:00,411 ERROR Error streaming noise_1hour_16k.flac: name 'max_usage_mb' is not defined
2025-09-19 15:09:00,411 ERROR Error streaming test4 copy 5.flac: name 'max_usage_mb' is not defined
2025-09-19 15:09:00,411 ERROR Error streaming test4 copy 24.flac: name 'max_usage_mb' is not defined
2025-09-19 15:09:00,411 ERROR Error streaming mytest.flac: name 'max_usage_mb' is not defined
2025-09-19 15:09:00,411 ERROR Error streaming test4 copy 25.flac: name 'max_usage_mb' is not defined
2025-09-19 15:09:00,412 ERROR Error streaming test4 copy 4.flac: name 'max_usage_mb' is not defined
2025-09-19 15:09:00,412 ERROR Error streaming test4 copy 8.flac: name 'max_usage_mb' is not defined
2025-09-19 15:09:00,412 ERROR Error streaming test4 copy 13.flac: name 'max_usage_mb' is not defined
2025-09-19 15:09:00,412 ERROR Error streaming test4 copy 18.flac: name 'max_usage_mb' is not defined
2025-09-19 15:09:00,412 ERROR Error streaming test4 copy 3.flac: name 'max_usage_mb' is not defined
2025-09-19 15:09:00,412 ERROR Error streaming test4 copy 22.flac: name 'max_usage_mb' is not defined
2025-09-19 15:09:00,412 ERROR Error streaming test4 copy 14.flac: name 'max_usage_mb' is not defined
2025-09-19 15:09:00,412 ERROR Error streaming test.flac: name 'max_usage_mb' is not defined
2025-09-19 15:09:00,412 ERROR Error streaming test4 copy 15.flac: name 'max_usage_mb' is not defined
2025-09-19 15:09:00,412 ERROR Error streaming test4 copy 23.flac: name 'max_usage_mb' is not defined
2025-09-19 15:09:00,412 ERROR Error streaming test4 copy 2.flac: name 'max_usage_mb' is not defined
2025-09-19 15:09:00,413 ERROR Error streaming test4 copy 19.flac: name 'max_usage_mb' is not defined
2025-09-19 15:09:00,413 ERROR Error streaming test4 copy 20.flac: name 'max_usage_mb' is not defined
2025-09-19 15:09:00,413 ERROR Error streaming test4.flac: name 'max_usage_mb' is not defined
2025-09-19 15:09:00,413 ERROR Error streaming test4 copy 16.flac: name 'max_usage_mb' is not defined
2025-09-19 15:09:00,413 ERROR Error streaming test4 copy 17.flac: name 'max_usage_mb' is not defined
2025-09-19 15:09:00,413 ERROR Error streaming test4 copy 21.flac: name 'max_usage_mb' is not defined
2025-09-19 15:09:00,413 ERROR Error streaming test2.flac: name 'max_usage_mb' is not defined
2025-09-19 15:09:00,413 ERROR Error streaming test4 copy 10.flac: name 'max_usage_mb' is not defined
2025-09-19 15:09:00,413 ERROR Error streaming test4 copy 26.flac: name 'max_usage_mb' is not defined
2025-09-19 15:09:00,413 ERROR Error streaming test4 copy 7.flac: name 'max_usage_mb' is not defined
2025-09-19 15:09:00,413 ERROR Error streaming test4 copy.flac: name 'max_usage_mb' is not defined
2025-09-19 15:09:00,413 ERROR Error streaming test4 copy 6.flac: name 'max_usage_mb' is not defined
2025-09-19 15:09:00,413 ERROR Error streaming test4 copy 27.flac: name 'max_usage_mb' is not defined
2025-09-19 15:09:00,414 ERROR Error streaming test4 copy 11.flac: name 'max_usage_mb' is not defined
2025-09-19 15:09:00,414 ERROR Error streaming test3.flac: name 'max_usage_mb' is not defined
2025-09-19 15:09:00,414 INFO Processed 0 files successfully
2025-09-19 15:09:00,414 INFO Creating transcriptions from processed logits...
2025-09-19 15:09:17,888 INFO Processing 33 audio files...
2025-09-19 15:09:17,897 INFO Streaming large file: /Users/nsearls/Documents/audio-embeddings/data2wav_in/test4 copy 12.flac
2025-09-19 15:09:17,897 INFO Processing test4 copy 12.flac in 1 chunks of 10.0s each
2025-09-19 15:09:18,095 INFO Chunk 1/1: 6.7s processed
2025-09-19 15:09:18,096 INFO File 1/33 -> test4 copy 12.flac: CPU: 294.3 -> 905.8 MB (+611.5)
2025-09-19 15:09:18,096 INFO Streaming large file: /Users/nsearls/Documents/audio-embeddings/data2wav_in/test4 copy 9.flac
2025-09-19 15:09:18,096 INFO Processing test4 copy 9.flac in 1 chunks of 10.0s each
2025-09-19 15:09:18,248 INFO Chunk 1/1: 6.7s processed
2025-09-19 15:09:18,249 INFO File 2/33 -> test4 copy 9.flac: CPU: 905.8 -> 913.9 MB (+8.1)
2025-09-19 15:09:18,249 INFO Streaming large file: /Users/nsearls/Documents/audio-embeddings/data2wav_in/noise_1hour_16k.flac
2025-09-19 15:09:18,249 INFO Processing noise_1hour_16k.flac in 60 chunks of 60.0s each
2025-09-19 15:09:20,029 INFO Chunk 1/60: 60.0s processed
2025-09-19 15:09:21,649 INFO Chunk 2/60: 60.0s processed
2025-09-19 15:09:23,222 INFO Chunk 3/60: 60.0s processed
2025-09-19 15:09:24,830 INFO Chunk 4/60: 60.0s processed
2025-09-19 15:09:26,512 INFO Chunk 5/60: 60.0s processed
2025-09-19 15:09:28,035 INFO Chunk 6/60: 60.0s processed
2025-09-19 15:09:29,602 INFO Chunk 7/60: 60.0s processed
2025-09-19 15:09:31,137 INFO Chunk 8/60: 60.0s processed
2025-09-19 15:09:32,751 INFO Chunk 9/60: 60.0s processed
2025-09-19 15:09:34,340 INFO Chunk 10/60: 60.0s processed
2025-09-19 15:09:35,941 INFO Chunk 11/60: 60.0s processed
2025-09-19 15:09:37,574 INFO Chunk 12/60: 60.0s processed
2025-09-19 15:09:39,155 INFO Chunk 13/60: 60.0s processed
2025-09-19 15:09:40,747 INFO Chunk 14/60: 60.0s processed
2025-09-19 15:09:42,353 INFO Chunk 15/60: 60.0s processed
2025-09-19 15:09:44,041 INFO Chunk 16/60: 60.0s processed
2025-09-19 15:09:45,669 INFO Chunk 17/60: 60.0s processed
2025-09-19 15:09:47,268 INFO Chunk 18/60: 60.0s processed
2025-09-19 15:09:48,866 INFO Chunk 19/60: 60.0s processed
2025-09-19 15:09:50,442 INFO Chunk 20/60: 60.0s processed
2025-09-19 15:09:52,062 INFO Chunk 21/60: 60.0s processed
2025-09-19 15:09:53,662 INFO Chunk 22/60: 60.0s processed
2025-09-19 15:09:55,211 INFO Chunk 23/60: 60.0s processed
2025-09-19 15:09:56,788 INFO Chunk 24/60: 60.0s processed
2025-09-19 15:09:58,421 INFO Chunk 25/60: 60.0s processed
2025-09-19 15:10:00,061 INFO Chunk 26/60: 60.0s processed
2025-09-19 15:10:01,648 INFO Chunk 27/60: 60.0s processed
2025-09-19 15:10:03,250 INFO Chunk 28/60: 60.0s processed
2025-09-19 15:10:04,865 INFO Chunk 29/60: 60.0s processed
2025-09-19 15:10:06,367 INFO Chunk 30/60: 60.0s processed
2025-09-19 15:10:08,016 INFO Chunk 31/60: 60.0s processed
2025-09-19 15:10:09,582 INFO Chunk 32/60: 60.0s processed
2025-09-19 15:10:11,137 INFO Chunk 33/60: 60.0s processed
2025-09-19 15:10:12,704 INFO Chunk 34/60: 60.0s processed
2025-09-19 15:10:14,288 INFO Chunk 35/60: 60.0s processed
2025-09-19 15:10:15,927 INFO Chunk 36/60: 60.0s processed
2025-09-19 15:10:17,460 INFO Chunk 37/60: 60.0s processed
2025-09-19 15:10:19,044 INFO Chunk 38/60: 60.0s processed
2025-09-19 15:10:20,642 INFO Chunk 39/60: 60.0s processed
2025-09-19 15:10:22,118 INFO Chunk 40/60: 60.0s processed
2025-09-19 15:10:23,778 INFO Chunk 41/60: 60.0s processed
2025-09-19 15:10:25,356 INFO Chunk 42/60: 60.0s processed
2025-09-19 15:10:26,860 INFO Chunk 43/60: 60.0s processed
2025-09-19 15:10:28,481 INFO Chunk 44/60: 60.0s processed
2025-09-19 15:10:29,984 INFO Chunk 45/60: 60.0s processed
2025-09-19 15:10:31,545 INFO Chunk 46/60: 60.0s processed
2025-09-19 15:10:33,118 INFO Chunk 47/60: 60.0s processed
2025-09-19 15:10:34,725 INFO Chunk 48/60: 60.0s processed
2025-09-19 15:10:36,342 INFO Chunk 49/60: 60.0s processed
2025-09-19 15:10:37,827 INFO Chunk 50/60: 60.0s processed
2025-09-19 15:10:39,439 INFO Chunk 51/60: 60.0s processed
2025-09-19 15:10:40,948 INFO Chunk 52/60: 60.0s processed
2025-09-19 15:10:42,535 INFO Chunk 53/60: 60.0s processed
2025-09-19 15:10:44,054 INFO Chunk 54/60: 60.0s processed
2025-09-19 15:10:45,646 INFO Chunk 55/60: 60.0s processed
2025-09-19 15:10:47,269 INFO Chunk 56/60: 60.0s processed
2025-09-19 15:10:48,837 INFO Chunk 57/60: 60.0s processed
2025-09-19 15:10:50,407 INFO Chunk 58/60: 60.0s processed
2025-09-19 15:10:51,960 INFO Chunk 59/60: 60.0s processed
2025-09-19 15:10:53,529 INFO Chunk 60/60: 60.0s processed
2025-09-19 15:10:53,572 INFO File 3/33 -> noise_1hour_16k.flac: CPU: 913.9 -> 1149.2 MB (+235.4)
2025-09-19 15:10:53,573 INFO Streaming large file: /Users/nsearls/Documents/audio-embeddings/data2wav_in/test4 copy 5.flac
2025-09-19 15:10:53,573 INFO Processing test4 copy 5.flac in 1 chunks of 10.0s each
2025-09-19 15:10:53,725 INFO Chunk 1/1: 6.7s processed
2025-09-19 15:10:53,725 INFO File 4/33 -> test4 copy 5.flac: CPU: 1149.2 -> 1138.5 MB (+-10.8)
2025-09-19 15:10:53,726 INFO Streaming large file: /Users/nsearls/Documents/audio-embeddings/data2wav_in/test4 copy 24.flac
2025-09-19 15:10:53,726 INFO Processing test4 copy 24.flac in 1 chunks of 10.0s each
2025-09-19 15:10:53,863 INFO Chunk 1/1: 6.7s processed
2025-09-19 15:10:53,863 INFO File 5/33 -> test4 copy 24.flac: CPU: 1138.5 -> 1138.5 MB (+0.0)
2025-09-19 15:10:53,865 INFO Streaming large file: /Users/nsearls/Documents/audio-embeddings/data2wav_in/mytest.flac
2025-09-19 15:10:53,865 INFO Processing mytest.flac in 1 chunks of 10.0s each
2025-09-19 15:10:53,997 INFO Chunk 1/1: 5.9s processed
2025-09-19 15:10:53,998 INFO File 6/33 -> mytest.flac: CPU: 1138.5 -> 1145.2 MB (+6.7)
2025-09-19 15:10:53,998 INFO Streaming large file: /Users/nsearls/Documents/audio-embeddings/data2wav_in/test4 copy 25.flac
2025-09-19 15:10:53,999 INFO Processing test4 copy 25.flac in 1 chunks of 10.0s each
2025-09-19 15:10:54,140 INFO Chunk 1/1: 6.7s processed
2025-09-19 15:10:54,141 INFO File 7/33 -> test4 copy 25.flac: CPU: 1145.2 -> 1145.2 MB (+0.0)
2025-09-19 15:10:54,142 INFO Streaming large file: /Users/nsearls/Documents/audio-embeddings/data2wav_in/test4 copy 4.flac
2025-09-19 15:10:54,142 INFO Processing test4 copy 4.flac in 1 chunks of 10.0s each
2025-09-19 15:10:54,285 INFO Chunk 1/1: 6.7s processed
2025-09-19 15:10:54,285 INFO File 8/33 -> test4 copy 4.flac: CPU: 1145.2 -> 1145.3 MB (+0.1)
2025-09-19 15:10:54,287 INFO Streaming large file: /Users/nsearls/Documents/audio-embeddings/data2wav_in/test4 copy 8.flac
2025-09-19 15:10:54,287 INFO Processing test4 copy 8.flac in 1 chunks of 10.0s each
2025-09-19 15:10:54,448 INFO Chunk 1/1: 6.7s processed
2025-09-19 15:10:54,448 INFO File 9/33 -> test4 copy 8.flac: CPU: 1145.3 -> 1145.3 MB (+0.0)
2025-09-19 15:10:54,449 INFO Streaming large file: /Users/nsearls/Documents/audio-embeddings/data2wav_in/test4 copy 13.flac
2025-09-19 15:10:54,449 INFO Processing test4 copy 13.flac in 1 chunks of 10.0s each
2025-09-19 15:10:54,595 INFO Chunk 1/1: 6.7s processed
2025-09-19 15:10:54,596 INFO File 10/33 -> test4 copy 13.flac: CPU: 1145.3 -> 1145.3 MB (+0.0)
2025-09-19 15:10:54,596 INFO Streaming large file: /Users/nsearls/Documents/audio-embeddings/data2wav_in/test4 copy 18.flac
2025-09-19 15:10:54,597 INFO Processing test4 copy 18.flac in 1 chunks of 10.0s each
2025-09-19 15:10:54,743 INFO Chunk 1/1: 6.7s processed
2025-09-19 15:10:54,743 INFO File 11/33 -> test4 copy 18.flac: CPU: 1145.3 -> 1145.3 MB (+0.0)
2025-09-19 15:10:54,745 INFO Streaming large file: /Users/nsearls/Documents/audio-embeddings/data2wav_in/test4 copy 3.flac
2025-09-19 15:10:54,745 INFO Processing test4 copy 3.flac in 1 chunks of 10.0s each
2025-09-19 15:10:54,886 INFO Chunk 1/1: 6.7s processed
2025-09-19 15:10:54,887 INFO File 12/33 -> test4 copy 3.flac: CPU: 1145.3 -> 1145.3 MB (+0.0)
2025-09-19 15:10:54,887 INFO Streaming large file: /Users/nsearls/Documents/audio-embeddings/data2wav_in/test4 copy 22.flac
2025-09-19 15:10:54,887 INFO Processing test4 copy 22.flac in 1 chunks of 10.0s each
2025-09-19 15:10:55,034 INFO Chunk 1/1: 6.7s processed
2025-09-19 15:10:55,035 INFO File 13/33 -> test4 copy 22.flac: CPU: 1145.3 -> 1145.3 MB (+0.0)
2025-09-19 15:10:55,036 INFO Streaming large file: /Users/nsearls/Documents/audio-embeddings/data2wav_in/test4 copy 14.flac
2025-09-19 15:10:55,036 INFO Processing test4 copy 14.flac in 1 chunks of 10.0s each
2025-09-19 15:10:55,180 INFO Chunk 1/1: 6.7s processed
2025-09-19 15:10:55,180 INFO File 14/33 -> test4 copy 14.flac: CPU: 1145.3 -> 1145.3 MB (+0.0)
2025-09-19 15:10:55,182 INFO Streaming large file: /Users/nsearls/Documents/audio-embeddings/data2wav_in/test.flac
2025-09-19 15:10:55,182 INFO Processing test.flac in 2 chunks of 60.0s each
2025-09-19 15:10:56,857 INFO Chunk 1/2: 60.0s processed
2025-09-19 15:10:56,866 ERROR Error streaming test.flac: Error : unknown error in flac decoder.
2025-09-19 15:10:56,867 INFO Streaming large file: /Users/nsearls/Documents/audio-embeddings/data2wav_in/test4 copy 15.flac
2025-09-19 15:10:56,867 INFO Processing test4 copy 15.flac in 1 chunks of 10.0s each
2025-09-19 15:10:57,061 INFO Chunk 1/1: 6.7s processed
2025-09-19 15:10:57,061 INFO File 16/33 -> test4 copy 15.flac: CPU: 1161.9 -> 1141.2 MB (+-20.7)
2025-09-19 15:10:57,062 INFO Streaming large file: /Users/nsearls/Documents/audio-embeddings/data2wav_in/test4 copy 23.flac
2025-09-19 15:10:57,063 INFO Processing test4 copy 23.flac in 1 chunks of 10.0s each
2025-09-19 15:10:57,207 INFO Chunk 1/1: 6.7s processed
2025-09-19 15:10:57,208 INFO File 17/33 -> test4 copy 23.flac: CPU: 1141.2 -> 1141.2 MB (+0.0)
2025-09-19 15:10:57,209 INFO Streaming large file: /Users/nsearls/Documents/audio-embeddings/data2wav_in/test4 copy 2.flac
2025-09-19 15:10:57,209 INFO Processing test4 copy 2.flac in 1 chunks of 10.0s each
2025-09-19 15:10:57,347 INFO Chunk 1/1: 6.7s processed
2025-09-19 15:10:57,348 INFO File 18/33 -> test4 copy 2.flac: CPU: 1141.2 -> 1141.2 MB (+0.0)
2025-09-19 15:10:57,349 INFO Streaming large file: /Users/nsearls/Documents/audio-embeddings/data2wav_in/test4 copy 19.flac
2025-09-19 15:10:57,350 INFO Processing test4 copy 19.flac in 1 chunks of 10.0s each
2025-09-19 15:10:57,499 INFO Chunk 1/1: 6.7s processed
2025-09-19 15:10:57,500 INFO File 19/33 -> test4 copy 19.flac: CPU: 1141.2 -> 1141.3 MB (+0.1)
2025-09-19 15:10:57,501 INFO Streaming large file: /Users/nsearls/Documents/audio-embeddings/data2wav_in/test4 copy 20.flac
2025-09-19 15:10:57,501 INFO Processing test4 copy 20.flac in 1 chunks of 10.0s each
2025-09-19 15:10:57,647 INFO Chunk 1/1: 6.7s processed
2025-09-19 15:10:57,647 INFO File 20/33 -> test4 copy 20.flac: CPU: 1141.3 -> 1141.3 MB (+0.0)
2025-09-19 15:10:57,649 INFO Streaming large file: /Users/nsearls/Documents/audio-embeddings/data2wav_in/test4.flac
2025-09-19 15:10:57,649 INFO Processing test4.flac in 1 chunks of 10.0s each
2025-09-19 15:10:57,800 INFO Chunk 1/1: 6.7s processed
2025-09-19 15:10:57,801 INFO File 21/33 -> test4.flac: CPU: 1141.3 -> 1141.3 MB (+0.0)
2025-09-19 15:10:57,802 INFO Streaming large file: /Users/nsearls/Documents/audio-embeddings/data2wav_in/test4 copy 16.flac
2025-09-19 15:10:57,802 INFO Processing test4 copy 16.flac in 1 chunks of 10.0s each
2025-09-19 15:10:57,948 INFO Chunk 1/1: 6.7s processed
2025-09-19 15:10:57,949 INFO File 22/33 -> test4 copy 16.flac: CPU: 1141.3 -> 1141.3 MB (+0.0)
2025-09-19 15:10:57,950 INFO Streaming large file: /Users/nsearls/Documents/audio-embeddings/data2wav_in/test4 copy 17.flac
2025-09-19 15:10:57,950 INFO Processing test4 copy 17.flac in 1 chunks of 10.0s each
2025-09-19 15:10:58,094 INFO Chunk 1/1: 6.7s processed
2025-09-19 15:10:58,095 INFO File 23/33 -> test4 copy 17.flac: CPU: 1141.3 -> 1141.4 MB (+0.0)
2025-09-19 15:10:58,095 INFO Streaming large file: /Users/nsearls/Documents/audio-embeddings/data2wav_in/test4 copy 21.flac
2025-09-19 15:10:58,095 INFO Processing test4 copy 21.flac in 1 chunks of 10.0s each
2025-09-19 15:10:58,236 INFO Chunk 1/1: 6.7s processed
2025-09-19 15:10:58,237 INFO File 24/33 -> test4 copy 21.flac: CPU: 1141.4 -> 1141.4 MB (+0.0)
2025-09-19 15:10:58,238 INFO Streaming large file: /Users/nsearls/Documents/audio-embeddings/data2wav_in/test2.flac
2025-09-19 15:10:58,238 INFO Processing test2.flac in 1 chunks of 14.2s each
2025-09-19 15:10:58,546 INFO Chunk 1/1: 14.2s processed
2025-09-19 15:10:58,547 INFO File 25/33 -> test2.flac: CPU: 1141.4 -> 1258.8 MB (+117.4)
2025-09-19 15:10:58,548 INFO Streaming large file: /Users/nsearls/Documents/audio-embeddings/data2wav_in/test4 copy 10.flac
2025-09-19 15:10:58,548 INFO Processing test4 copy 10.flac in 1 chunks of 10.0s each
2025-09-19 15:10:58,700 INFO Chunk 1/1: 6.7s processed
2025-09-19 15:10:58,700 INFO File 26/33 -> test4 copy 10.flac: CPU: 1258.8 -> 1258.9 MB (+0.1)
2025-09-19 15:10:58,701 INFO Streaming large file: /Users/nsearls/Documents/audio-embeddings/data2wav_in/test4 copy 26.flac
2025-09-19 15:10:58,702 INFO Processing test4 copy 26.flac in 1 chunks of 10.0s each
2025-09-19 15:10:58,844 INFO Chunk 1/1: 6.7s processed
2025-09-19 15:10:58,844 INFO File 27/33 -> test4 copy 26.flac: CPU: 1258.9 -> 1258.9 MB (+0.0)
2025-09-19 15:10:58,845 INFO Streaming large file: /Users/nsearls/Documents/audio-embeddings/data2wav_in/test4 copy 7.flac
2025-09-19 15:10:58,845 INFO Processing test4 copy 7.flac in 1 chunks of 10.0s each
2025-09-19 15:10:58,992 INFO Chunk 1/1: 6.7s processed
2025-09-19 15:10:58,992 INFO File 28/33 -> test4 copy 7.flac: CPU: 1258.9 -> 1258.9 MB (+0.0)
2025-09-19 15:10:58,993 INFO Streaming large file: /Users/nsearls/Documents/audio-embeddings/data2wav_in/test4 copy.flac
2025-09-19 15:10:58,994 INFO Processing test4 copy.flac in 1 chunks of 10.0s each
2025-09-19 15:10:59,136 INFO Chunk 1/1: 6.7s processed
2025-09-19 15:10:59,137 INFO File 29/33 -> test4 copy.flac: CPU: 1258.9 -> 1258.9 MB (+0.0)
2025-09-19 15:10:59,138 INFO Streaming large file: /Users/nsearls/Documents/audio-embeddings/data2wav_in/test4 copy 6.flac
2025-09-19 15:10:59,138 INFO Processing test4 copy 6.flac in 1 chunks of 10.0s each
2025-09-19 15:10:59,281 INFO Chunk 1/1: 6.7s processed
2025-09-19 15:10:59,282 INFO File 30/33 -> test4 copy 6.flac: CPU: 1258.9 -> 1258.9 MB (+0.0)
2025-09-19 15:10:59,283 INFO Streaming large file: /Users/nsearls/Documents/audio-embeddings/data2wav_in/test4 copy 27.flac
2025-09-19 15:10:59,283 INFO Processing test4 copy 27.flac in 1 chunks of 10.0s each
2025-09-19 15:10:59,423 INFO Chunk 1/1: 6.7s processed
2025-09-19 15:10:59,424 INFO File 31/33 -> test4 copy 27.flac: CPU: 1258.9 -> 1266.7 MB (+7.9)
2025-09-19 15:10:59,425 INFO Streaming large file: /Users/nsearls/Documents/audio-embeddings/data2wav_in/test4 copy 11.flac
2025-09-19 15:10:59,425 INFO Processing test4 copy 11.flac in 1 chunks of 10.0s each
2025-09-19 15:10:59,569 INFO Chunk 1/1: 6.7s processed
2025-09-19 15:10:59,570 INFO File 32/33 -> test4 copy 11.flac: CPU: 1266.7 -> 1266.7 MB (+0.0)
2025-09-19 15:10:59,571 INFO Streaming large file: /Users/nsearls/Documents/audio-embeddings/data2wav_in/test3.flac
2025-09-19 15:10:59,571 INFO Processing test3.flac in 1 chunks of 10.0s each
2025-09-19 15:10:59,730 INFO Chunk 1/1: 8.0s processed
2025-09-19 15:10:59,730 INFO File 33/33 -> test3.flac: CPU: 1266.7 -> 1276.7 MB (+10.0)
2025-09-19 15:10:59,731 INFO Processed 91 files successfully
2025-09-19 15:10:59,731 INFO Creating transcriptions from processed logits...
2025-09-19 15:17:26,173 INFO Processing 15 audio files...
2025-09-19 15:17:26,183 INFO Streaming large file: /Users/nsearls/Documents/audio-embeddings/data2wav_in/test4 copy 9.flac
2025-09-19 15:17:26,184 INFO Processing test4 copy 9.flac in 1 chunks of 10.0s each
2025-09-19 15:17:27,243 INFO Chunk 1/1: 6.7s processed
2025-09-19 15:17:27,244 INFO File 1/15 -> test4 copy 9.flac: CPU: 295.9 -> 907.8 MB (+611.9)
2025-09-19 15:17:27,245 INFO Streaming large file: /Users/nsearls/Documents/audio-embeddings/data2wav_in/noise_1hour_16k.flac
2025-09-19 15:17:27,245 INFO Processing noise_1hour_16k.flac in 3 chunks of 60.0s each
2025-09-19 15:17:28,835 INFO Chunk 1/3: 60.0s processed
2025-09-19 15:17:30,357 INFO Chunk 2/3: 60.0s processed
2025-09-19 15:17:31,855 INFO Chunk 3/3: 60.0s processed
2025-09-19 15:17:31,855 INFO File 2/15 -> noise_1hour_16k.flac: CPU: 907.8 -> 1055.2 MB (+147.4)
2025-09-19 15:17:31,856 INFO Streaming large file: /Users/nsearls/Documents/audio-embeddings/data2wav_in/test4 copy 5.flac
2025-09-19 15:17:31,856 INFO Processing test4 copy 5.flac in 1 chunks of 10.0s each
2025-09-19 15:17:32,000 INFO Chunk 1/1: 6.7s processed
2025-09-19 15:17:32,000 INFO File 3/15 -> test4 copy 5.flac: CPU: 1055.2 -> 1049.0 MB (+-6.2)
2025-09-19 15:17:32,001 INFO Streaming large file: /Users/nsearls/Documents/audio-embeddings/data2wav_in/mytest.flac
2025-09-19 15:17:32,002 INFO Processing mytest.flac in 1 chunks of 10.0s each
2025-09-19 15:17:32,130 INFO Chunk 1/1: 5.9s processed
2025-09-19 15:17:32,131 INFO File 4/15 -> mytest.flac: CPU: 1049.0 -> 1056.5 MB (+7.4)
2025-09-19 15:17:32,132 INFO Streaming large file: /Users/nsearls/Documents/audio-embeddings/data2wav_in/test4 copy 4.flac
2025-09-19 15:17:32,132 INFO Processing test4 copy 4.flac in 1 chunks of 10.0s each
2025-09-19 15:17:32,274 INFO Chunk 1/1: 6.7s processed
2025-09-19 15:17:32,275 INFO File 5/15 -> test4 copy 4.flac: CPU: 1056.5 -> 1064.3 MB (+7.8)
2025-09-19 15:17:32,276 INFO Streaming large file: /Users/nsearls/Documents/audio-embeddings/data2wav_in/test4 copy 8.flac
2025-09-19 15:17:32,276 INFO Processing test4 copy 8.flac in 1 chunks of 10.0s each
2025-09-19 15:17:32,416 INFO Chunk 1/1: 6.7s processed
2025-09-19 15:17:32,416 INFO File 6/15 -> test4 copy 8.flac: CPU: 1064.3 -> 1064.3 MB (+0.0)
2025-09-19 15:17:32,417 INFO Streaming large file: /Users/nsearls/Documents/audio-embeddings/data2wav_in/test4 copy 3.flac
2025-09-19 15:17:32,417 INFO Processing test4 copy 3.flac in 1 chunks of 10.0s each
2025-09-19 15:17:32,558 INFO Chunk 1/1: 6.7s processed
2025-09-19 15:17:32,558 INFO File 7/15 -> test4 copy 3.flac: CPU: 1064.3 -> 1064.4 MB (+0.1)
2025-09-19 15:17:32,559 INFO Streaming large file: /Users/nsearls/Documents/audio-embeddings/data2wav_in/test.flac
2025-09-19 15:17:32,559 INFO Processing test.flac in 2 chunks of 60.0s each
2025-09-19 15:17:34,177 INFO Chunk 1/2: 60.0s processed
2025-09-19 15:17:34,186 ERROR Error streaming test.flac: Error : unknown error in flac decoder.
2025-09-19 15:17:34,187 INFO Streaming large file: /Users/nsearls/Documents/audio-embeddings/data2wav_in/test4 copy 2.flac
2025-09-19 15:17:34,187 INFO Processing test4 copy 2.flac in 1 chunks of 10.0s each
2025-09-19 15:17:34,364 INFO Chunk 1/1: 6.7s processed
2025-09-19 15:17:34,365 INFO File 9/15 -> test4 copy 2.flac: CPU: 1086.7 -> 1062.4 MB (+-24.2)
2025-09-19 15:17:34,366 INFO Streaming large file: /Users/nsearls/Documents/audio-embeddings/data2wav_in/test4.flac
2025-09-19 15:17:34,367 INFO Processing test4.flac in 1 chunks of 10.0s each
2025-09-19 15:17:34,524 INFO Chunk 1/1: 6.7s processed
2025-09-19 15:17:34,524 INFO File 10/15 -> test4.flac: CPU: 1062.4 -> 1063.7 MB (+1.2)
2025-09-19 15:17:34,525 INFO Streaming large file: /Users/nsearls/Documents/audio-embeddings/data2wav_in/test2.flac
2025-09-19 15:17:34,525 INFO Processing test2.flac in 1 chunks of 14.2s each
2025-09-19 15:17:34,834 INFO Chunk 1/1: 14.2s processed
2025-09-19 15:17:34,835 INFO File 11/15 -> test2.flac: CPU: 1063.7 -> 1192.0 MB (+128.4)
2025-09-19 15:17:34,836 INFO Streaming large file: /Users/nsearls/Documents/audio-embeddings/data2wav_in/test4 copy 7.flac
2025-09-19 15:17:34,836 INFO Processing test4 copy 7.flac in 1 chunks of 10.0s each
2025-09-19 15:17:34,980 INFO Chunk 1/1: 6.7s processed
2025-09-19 15:17:34,981 INFO File 12/15 -> test4 copy 7.flac: CPU: 1192.0 -> 1192.0 MB (+0.0)
2025-09-19 15:17:34,982 INFO Streaming large file: /Users/nsearls/Documents/audio-embeddings/data2wav_in/test4 copy.flac
2025-09-19 15:17:34,982 INFO Processing test4 copy.flac in 1 chunks of 10.0s each
2025-09-19 15:17:35,125 INFO Chunk 1/1: 6.7s processed
2025-09-19 15:17:35,126 INFO File 13/15 -> test4 copy.flac: CPU: 1192.0 -> 1192.0 MB (+0.0)
2025-09-19 15:17:35,127 INFO Streaming large file: /Users/nsearls/Documents/audio-embeddings/data2wav_in/test4 copy 6.flac
2025-09-19 15:17:35,127 INFO Processing test4 copy 6.flac in 1 chunks of 10.0s each
2025-09-19 15:17:35,271 INFO Chunk 1/1: 6.7s processed
2025-09-19 15:17:35,271 INFO File 14/15 -> test4 copy 6.flac: CPU: 1192.0 -> 1192.0 MB (+0.0)
2025-09-19 15:17:35,272 INFO Streaming large file: /Users/nsearls/Documents/audio-embeddings/data2wav_in/test3.flac
2025-09-19 15:17:35,272 INFO Processing test3.flac in 1 chunks of 10.0s each
2025-09-19 15:17:35,433 INFO Chunk 1/1: 8.0s processed
2025-09-19 15:17:35,433 INFO File 15/15 -> test3.flac: CPU: 1192.0 -> 1208.3 MB (+16.3)
2025-09-19 15:17:35,434 INFO Processed 16 files successfully
2025-09-19 15:18:00,152 INFO Processing 15 audio files...
2025-09-19 15:18:00,160 INFO Streaming large file: /Users/nsearls/Documents/audio-embeddings/data2wav_in/test4 copy 9.flac
2025-09-19 15:18:00,160 INFO Processing test4 copy 9.flac in 1 chunks of 10.0s each
2025-09-19 15:18:00,357 INFO Chunk 1/1: 6.7s processed
2025-09-19 15:18:00,358 INFO File 1/15 -> test4 copy 9.flac: CPU: 294.6 -> 910.8 MB (+616.1)
2025-09-19 15:18:00,358 INFO Streaming large file: /Users/nsearls/Documents/audio-embeddings/data2wav_in/noise_1hour_16k.flac
2025-09-19 15:18:00,358 INFO Processing noise_1hour_16k.flac in 3 chunks of 60.0s each
2025-09-19 15:18:01,807 INFO Chunk 1/3: 60.0s processed
2025-09-19 15:18:03,337 INFO Chunk 2/3: 60.0s processed
2025-09-19 15:18:04,825 INFO Chunk 3/3: 60.0s processed
2025-09-19 15:18:04,826 INFO File 2/15 -> noise_1hour_16k.flac: CPU: 910.8 -> 1110.2 MB (+199.4)
2025-09-19 15:18:04,828 INFO Streaming large file: /Users/nsearls/Documents/audio-embeddings/data2wav_in/test4 copy 5.flac
2025-09-19 15:18:04,828 INFO Processing test4 copy 5.flac in 1 chunks of 10.0s each
2025-09-19 15:18:05,000 INFO Chunk 1/1: 6.7s processed
2025-09-19 15:18:05,001 INFO File 3/15 -> test4 copy 5.flac: CPU: 1110.2 -> 1085.4 MB (+-24.8)
2025-09-19 15:18:05,002 INFO Streaming large file: /Users/nsearls/Documents/audio-embeddings/data2wav_in/mytest.flac
2025-09-19 15:18:05,003 INFO Processing mytest.flac in 1 chunks of 10.0s each
2025-09-19 15:18:05,135 INFO Chunk 1/1: 5.9s processed
2025-09-19 15:18:05,135 INFO File 4/15 -> mytest.flac: CPU: 1085.4 -> 1092.1 MB (+6.7)
2025-09-19 15:18:05,136 INFO Streaming large file: /Users/nsearls/Documents/audio-embeddings/data2wav_in/test4 copy 4.flac
2025-09-19 15:18:05,136 INFO Processing test4 copy 4.flac in 1 chunks of 10.0s each
2025-09-19 15:18:05,278 INFO Chunk 1/1: 6.7s processed
2025-09-19 15:18:05,278 INFO File 5/15 -> test4 copy 4.flac: CPU: 1092.1 -> 1092.1 MB (+0.0)
2025-09-19 15:18:05,279 INFO Streaming large file: /Users/nsearls/Documents/audio-embeddings/data2wav_in/test4 copy 8.flac
2025-09-19 15:18:05,280 INFO Processing test4 copy 8.flac in 1 chunks of 10.0s each
2025-09-19 15:18:05,419 INFO Chunk 1/1: 6.7s processed
2025-09-19 15:18:05,419 INFO File 6/15 -> test4 copy 8.flac: CPU: 1092.1 -> 1092.3 MB (+0.2)
2025-09-19 15:18:05,420 INFO Streaming large file: /Users/nsearls/Documents/audio-embeddings/data2wav_in/test4 copy 3.flac
2025-09-19 15:18:05,420 INFO Processing test4 copy 3.flac in 1 chunks of 10.0s each
2025-09-19 15:18:05,560 INFO Chunk 1/1: 6.7s processed
2025-09-19 15:18:05,561 INFO File 7/15 -> test4 copy 3.flac: CPU: 1092.3 -> 1092.5 MB (+0.1)
2025-09-19 15:18:05,562 INFO Streaming large file: /Users/nsearls/Documents/audio-embeddings/data2wav_in/test.flac
2025-09-19 15:18:05,562 INFO Processing test.flac in 2 chunks of 60.0s each
2025-09-19 15:18:07,136 INFO Chunk 1/2: 60.0s processed
2025-09-19 15:18:07,144 ERROR Error streaming test.flac: Error : unknown error in flac decoder.
2025-09-19 15:18:07,146 INFO Streaming large file: /Users/nsearls/Documents/audio-embeddings/data2wav_in/test4 copy 2.flac
2025-09-19 15:18:07,146 INFO Processing test4 copy 2.flac in 1 chunks of 10.0s each
2025-09-19 15:18:07,323 INFO Chunk 1/1: 6.7s processed
2025-09-19 15:18:07,323 INFO File 9/15 -> test4 copy 2.flac: CPU: 1109.2 -> 1083.4 MB (+-25.8)
2025-09-19 15:18:07,324 INFO Streaming large file: /Users/nsearls/Documents/audio-embeddings/data2wav_in/test4.flac
2025-09-19 15:18:07,324 INFO Processing test4.flac in 1 chunks of 10.0s each
2025-09-19 15:18:07,481 INFO Chunk 1/1: 6.7s processed
2025-09-19 15:18:07,481 INFO File 10/15 -> test4.flac: CPU: 1083.4 -> 1087.3 MB (+3.9)
2025-09-19 15:18:07,482 INFO Streaming large file: /Users/nsearls/Documents/audio-embeddings/data2wav_in/test2.flac
2025-09-19 15:18:07,483 INFO Processing test2.flac in 1 chunks of 14.2s each
2025-09-19 15:18:07,817 INFO Chunk 1/1: 14.2s processed
2025-09-19 15:18:07,818 INFO File 11/15 -> test2.flac: CPU: 1087.3 -> 1209.2 MB (+121.9)
2025-09-19 15:18:07,819 INFO Streaming large file: /Users/nsearls/Documents/audio-embeddings/data2wav_in/test4 copy 7.flac
2025-09-19 15:18:07,819 INFO Processing test4 copy 7.flac in 1 chunks of 10.0s each
2025-09-19 15:18:07,980 INFO Chunk 1/1: 6.7s processed
2025-09-19 15:18:07,981 INFO File 12/15 -> test4 copy 7.flac: CPU: 1209.2 -> 1209.2 MB (+0.0)
2025-09-19 15:18:07,982 INFO Streaming large file: /Users/nsearls/Documents/audio-embeddings/data2wav_in/test4 copy.flac
2025-09-19 15:18:07,982 INFO Processing test4 copy.flac in 1 chunks of 10.0s each
2025-09-19 15:18:08,140 INFO Chunk 1/1: 6.7s processed
2025-09-19 15:18:08,141 INFO File 13/15 -> test4 copy.flac: CPU: 1209.2 -> 1209.3 MB (+0.0)
2025-09-19 15:18:08,142 INFO Streaming large file: /Users/nsearls/Documents/audio-embeddings/data2wav_in/test4 copy 6.flac
2025-09-19 15:18:08,142 INFO Processing test4 copy 6.flac in 1 chunks of 10.0s each
2025-09-19 15:18:08,303 INFO Chunk 1/1: 6.7s processed
2025-09-19 15:18:08,304 INFO File 14/15 -> test4 copy 6.flac: CPU: 1209.3 -> 1209.3 MB (+0.0)
2025-09-19 15:18:08,304 INFO Streaming large file: /Users/nsearls/Documents/audio-embeddings/data2wav_in/test3.flac
2025-09-19 15:18:08,305 INFO Processing test3.flac in 1 chunks of 10.0s each
2025-09-19 15:18:08,483 INFO Chunk 1/1: 8.0s processed
2025-09-19 15:18:08,484 INFO File 15/15 -> test3.flac: CPU: 1209.3 -> 1219.2 MB (+10.0)
2025-09-19 15:18:08,484 INFO Processed 16 files successfully
2025-09-19 15:18:37,244 INFO Processing 15 audio files...
2025-09-19 15:18:37,253 INFO Streaming large file: /Users/nsearls/Documents/audio-embeddings/data2wav_in/test4 copy 9.flac
2025-09-19 15:18:37,253 INFO Processing test4 copy 9.flac in 1 chunks of 10.0s each
2025-09-19 15:18:37,450 INFO Chunk 1/1: 6.7s processed
2025-09-19 15:18:37,451 INFO File 1/15 -> test4 copy 9.flac: CPU: 294.7 -> 918.8 MB (+624.1)
2025-09-19 15:18:37,451 INFO Streaming large file: /Users/nsearls/Documents/audio-embeddings/data2wav_in/noise_1hour_16k.flac
2025-09-19 15:18:37,451 INFO Processing noise_1hour_16k.flac in 3 chunks of 60.0s each
2025-09-19 15:18:38,918 INFO Chunk 1/3: 60.0s processed
2025-09-19 15:18:40,383 INFO Chunk 2/3: 60.0s processed
2025-09-19 15:18:41,806 INFO Chunk 3/3: 60.0s processed
2025-09-19 15:18:41,807 INFO File 2/15 -> noise_1hour_16k.flac: CPU: 918.8 -> 1115.4 MB (+196.7)
2025-09-19 15:18:41,808 INFO Streaming large file: /Users/nsearls/Documents/audio-embeddings/data2wav_in/test4 copy 5.flac
2025-09-19 15:18:41,808 INFO Processing test4 copy 5.flac in 1 chunks of 10.0s each
2025-09-19 15:18:41,970 INFO Chunk 1/1: 6.7s processed
2025-09-19 15:18:41,970 INFO File 3/15 -> test4 copy 5.flac: CPU: 1115.4 -> 1102.7 MB (+-12.7)
2025-09-19 15:18:41,972 INFO Streaming large file: /Users/nsearls/Documents/audio-embeddings/data2wav_in/mytest.flac
2025-09-19 15:18:41,972 INFO Processing mytest.flac in 1 chunks of 10.0s each
2025-09-19 15:18:42,108 INFO Chunk 1/1: 5.9s processed
2025-09-19 15:18:42,108 INFO File 4/15 -> mytest.flac: CPU: 1102.7 -> 1109.6 MB (+6.8)
2025-09-19 15:18:42,109 INFO Streaming large file: /Users/nsearls/Documents/audio-embeddings/data2wav_in/test4 copy 4.flac
2025-09-19 15:18:42,110 INFO Processing test4 copy 4.flac in 1 chunks of 10.0s each
2025-09-19 15:18:42,303 INFO Chunk 1/1: 6.7s processed
2025-09-19 15:18:42,304 INFO File 5/15 -> test4 copy 4.flac: CPU: 1109.6 -> 1117.9 MB (+8.4)
2025-09-19 15:18:42,304 INFO Streaming large file: /Users/nsearls/Documents/audio-embeddings/data2wav_in/test4 copy 8.flac
2025-09-19 15:18:42,305 INFO Processing test4 copy 8.flac in 1 chunks of 10.0s each
2025-09-19 15:18:42,456 INFO Chunk 1/1: 6.7s processed
2025-09-19 15:18:42,457 INFO File 6/15 -> test4 copy 8.flac: CPU: 1117.9 -> 1118.0 MB (+0.0)
2025-09-19 15:18:42,458 INFO Streaming large file: /Users/nsearls/Documents/audio-embeddings/data2wav_in/test4 copy 3.flac
2025-09-19 15:18:42,458 INFO Processing test4 copy 3.flac in 1 chunks of 10.0s each
2025-09-19 15:18:42,611 INFO Chunk 1/1: 6.7s processed
2025-09-19 15:18:42,612 INFO File 7/15 -> test4 copy 3.flac: CPU: 1118.0 -> 1118.0 MB (+0.0)
2025-09-19 15:18:42,613 INFO Streaming large file: /Users/nsearls/Documents/audio-embeddings/data2wav_in/test.flac
2025-09-19 15:18:42,613 INFO Processing test.flac in 2 chunks of 60.0s each
2025-09-19 15:18:44,060 INFO Chunk 1/2: 60.0s processed
2025-09-19 15:18:44,068 ERROR Error streaming test.flac: Error : unknown error in flac decoder.
2025-09-19 15:18:44,070 INFO Streaming large file: /Users/nsearls/Documents/audio-embeddings/data2wav_in/test4 copy 2.flac
2025-09-19 15:18:44,070 INFO Processing test4 copy 2.flac in 1 chunks of 10.0s each
2025-09-19 15:18:44,218 INFO Chunk 1/1: 6.7s processed
2025-09-19 15:18:44,218 INFO File 9/15 -> test4 copy 2.flac: CPU: 1135.2 -> 1109.3 MB (+-25.9)
2025-09-19 15:18:44,220 INFO Streaming large file: /Users/nsearls/Documents/audio-embeddings/data2wav_in/test4.flac
2025-09-19 15:18:44,220 INFO Processing test4.flac in 1 chunks of 10.0s each
2025-09-19 15:18:44,363 INFO Chunk 1/1: 6.7s processed
2025-09-19 15:18:44,363 INFO File 10/15 -> test4.flac: CPU: 1109.3 -> 1109.4 MB (+0.1)
2025-09-19 15:18:44,364 INFO Streaming large file: /Users/nsearls/Documents/audio-embeddings/data2wav_in/test2.flac
2025-09-19 15:18:44,364 INFO Processing test2.flac in 1 chunks of 14.2s each
2025-09-19 15:18:44,679 INFO Chunk 1/1: 14.2s processed
2025-09-19 15:18:44,679 INFO File 11/15 -> test2.flac: CPU: 1109.4 -> 1227.8 MB (+118.4)
2025-09-19 15:18:44,681 INFO Streaming large file: /Users/nsearls/Documents/audio-embeddings/data2wav_in/test4 copy 7.flac
2025-09-19 15:18:44,681 INFO Processing test4 copy 7.flac in 1 chunks of 10.0s each
2025-09-19 15:18:44,829 INFO Chunk 1/1: 6.7s processed
2025-09-19 15:18:44,829 INFO File 12/15 -> test4 copy 7.flac: CPU: 1227.8 -> 1227.8 MB (+0.0)
2025-09-19 15:18:44,831 INFO Streaming large file: /Users/nsearls/Documents/audio-embeddings/data2wav_in/test4 copy.flac
2025-09-19 15:18:44,831 INFO Processing test4 copy.flac in 1 chunks of 10.0s each
2025-09-19 15:18:44,982 INFO Chunk 1/1: 6.7s processed
2025-09-19 15:18:44,983 INFO File 13/15 -> test4 copy.flac: CPU: 1227.8 -> 1227.8 MB (+0.0)
2025-09-19 15:18:44,984 INFO Streaming large file: /Users/nsearls/Documents/audio-embeddings/data2wav_in/test4 copy 6.flac
2025-09-19 15:18:44,984 INFO Processing test4 copy 6.flac in 1 chunks of 10.0s each
2025-09-19 15:18:45,130 INFO Chunk 1/1: 6.7s processed
2025-09-19 15:18:45,130 INFO File 14/15 -> test4 copy 6.flac: CPU: 1227.8 -> 1227.8 MB (+0.0)
2025-09-19 15:18:45,131 INFO Streaming large file: /Users/nsearls/Documents/audio-embeddings/data2wav_in/test3.flac
2025-09-19 15:18:45,131 INFO Processing test3.flac in 1 chunks of 10.0s each
2025-09-19 15:18:45,314 INFO Chunk 1/1: 8.0s processed
2025-09-19 15:18:45,314 INFO File 15/15 -> test3.flac: CPU: 1227.8 -> 1242.5 MB (+14.7)
2025-09-19 15:18:45,314 INFO Processed 16 files successfully
2025-09-19 15:18:45,314 INFO Creating transcriptions from processed logits...
2025-09-19 15:19:43,778 INFO Processing 15 audio files...
2025-09-19 15:19:43,786 INFO Streaming large file: /Users/nsearls/Documents/audio-embeddings/data2wav_in/test4 copy 9.flac
2025-09-19 15:19:43,786 INFO Processing test4 copy 9.flac in 1 chunks of 10.0s each
2025-09-19 15:19:43,982 INFO Chunk 1/1: 6.7s processed
2025-09-19 15:19:43,983 INFO File 1/15 -> test4 copy 9.flac: CPU: 293.2 -> 909.9 MB (+616.6)
2025-09-19 15:19:43,983 INFO Streaming large file: /Users/nsearls/Documents/audio-embeddings/data2wav_in/noise_1hour_16k.flac
2025-09-19 15:19:43,984 INFO Processing noise_1hour_16k.flac in 3 chunks of 60.0s each
2025-09-19 15:19:45,568 INFO Chunk 1/3: 60.0s processed
2025-09-19 15:19:47,064 INFO Chunk 2/3: 60.0s processed
2025-09-19 15:19:48,492 INFO Chunk 3/3: 60.0s processed
2025-09-19 15:19:48,492 INFO File 2/15 -> noise_1hour_16k.flac: CPU: 909.9 -> 1105.6 MB (+195.7)
2025-09-19 15:19:48,494 INFO Streaming large file: /Users/nsearls/Documents/audio-embeddings/data2wav_in/test4 copy 5.flac
2025-09-19 15:19:48,494 INFO Processing test4 copy 5.flac in 1 chunks of 10.0s each
2025-09-19 15:19:48,641 INFO Chunk 1/1: 6.7s processed
2025-09-19 15:19:48,641 INFO File 3/15 -> test4 copy 5.flac: CPU: 1105.6 -> 1091.4 MB (+-14.2)
2025-09-19 15:19:48,643 INFO Streaming large file: /Users/nsearls/Documents/audio-embeddings/data2wav_in/mytest.flac
2025-09-19 15:19:48,643 INFO Processing mytest.flac in 1 chunks of 10.0s each
2025-09-19 15:19:48,773 INFO Chunk 1/1: 5.9s processed
2025-09-19 15:19:48,774 INFO File 4/15 -> mytest.flac: CPU: 1091.4 -> 1098.1 MB (+6.7)
2025-09-19 15:19:48,775 INFO Streaming large file: /Users/nsearls/Documents/audio-embeddings/data2wav_in/test4 copy 4.flac
2025-09-19 15:19:48,775 INFO Processing test4 copy 4.flac in 1 chunks of 10.0s each
2025-09-19 15:19:48,915 INFO Chunk 1/1: 6.7s processed
2025-09-19 15:19:48,916 INFO File 5/15 -> test4 copy 4.flac: CPU: 1098.1 -> 1098.2 MB (+0.0)
2025-09-19 15:19:48,917 INFO Streaming large file: /Users/nsearls/Documents/audio-embeddings/data2wav_in/test4 copy 8.flac
2025-09-19 15:19:48,917 INFO Processing test4 copy 8.flac in 1 chunks of 10.0s each
2025-09-19 15:19:49,058 INFO Chunk 1/1: 6.7s processed
2025-09-19 15:19:49,059 INFO File 6/15 -> test4 copy 8.flac: CPU: 1098.2 -> 1098.3 MB (+0.1)
2025-09-19 15:19:49,059 INFO Streaming large file: /Users/nsearls/Documents/audio-embeddings/data2wav_in/test4 copy 3.flac
2025-09-19 15:19:49,059 INFO Processing test4 copy 3.flac in 1 chunks of 10.0s each
2025-09-19 15:19:49,199 INFO Chunk 1/1: 6.7s processed
2025-09-19 15:19:49,200 INFO File 7/15 -> test4 copy 3.flac: CPU: 1098.3 -> 1098.3 MB (+0.0)
2025-09-19 15:19:49,201 INFO Streaming large file: /Users/nsearls/Documents/audio-embeddings/data2wav_in/test.flac
2025-09-19 15:19:49,201 INFO Processing test.flac in 2 chunks of 60.0s each
2025-09-19 15:19:50,631 INFO Chunk 1/2: 60.0s processed
2025-09-19 15:19:50,639 ERROR Error streaming test.flac: Error : unknown error in flac decoder.
2025-09-19 15:19:50,641 INFO Streaming large file: /Users/nsearls/Documents/audio-embeddings/data2wav_in/test4 copy 2.flac
2025-09-19 15:19:50,641 INFO Processing test4 copy 2.flac in 1 chunks of 10.0s each
2025-09-19 15:19:50,785 INFO Chunk 1/1: 6.7s processed
2025-09-19 15:19:50,786 INFO File 9/15 -> test4 copy 2.flac: CPU: 1126.6 -> 1100.6 MB (+-26.0)
2025-09-19 15:19:50,787 INFO Streaming large file: /Users/nsearls/Documents/audio-embeddings/data2wav_in/test4.flac
2025-09-19 15:19:50,787 INFO Processing test4.flac in 1 chunks of 10.0s each
2025-09-19 15:19:50,929 INFO Chunk 1/1: 6.7s processed
2025-09-19 15:19:50,929 INFO File 10/15 -> test4.flac: CPU: 1100.6 -> 1100.6 MB (+0.0)
2025-09-19 15:19:50,931 INFO Streaming large file: /Users/nsearls/Documents/audio-embeddings/data2wav_in/test2.flac
2025-09-19 15:19:50,931 INFO Processing test2.flac in 1 chunks of 14.2s each
2025-09-19 15:19:51,223 INFO Chunk 1/1: 14.2s processed
2025-09-19 15:19:51,223 INFO File 11/15 -> test2.flac: CPU: 1100.6 -> 1222.3 MB (+121.7)
2025-09-19 15:19:51,224 INFO Streaming large file: /Users/nsearls/Documents/audio-embeddings/data2wav_in/test4 copy 7.flac
2025-09-19 15:19:51,225 INFO Processing test4 copy 7.flac in 1 chunks of 10.0s each
2025-09-19 15:19:51,367 INFO Chunk 1/1: 6.7s processed
2025-09-19 15:19:51,368 INFO File 12/15 -> test4 copy 7.flac: CPU: 1222.3 -> 1222.3 MB (+0.0)
2025-09-19 15:19:51,369 INFO Streaming large file: /Users/nsearls/Documents/audio-embeddings/data2wav_in/test4 copy.flac
2025-09-19 15:19:51,369 INFO Processing test4 copy.flac in 1 chunks of 10.0s each
2025-09-19 15:19:51,512 INFO Chunk 1/1: 6.7s processed
2025-09-19 15:19:51,512 INFO File 13/15 -> test4 copy.flac: CPU: 1222.3 -> 1222.3 MB (+0.0)
2025-09-19 15:19:51,513 INFO Streaming large file: /Users/nsearls/Documents/audio-embeddings/data2wav_in/test4 copy 6.flac
2025-09-19 15:19:51,513 INFO Processing test4 copy 6.flac in 1 chunks of 10.0s each
2025-09-19 15:19:51,654 INFO Chunk 1/1: 6.7s processed
2025-09-19 15:19:51,655 INFO File 14/15 -> test4 copy 6.flac: CPU: 1222.3 -> 1222.6 MB (+0.2)
2025-09-19 15:19:51,656 INFO Streaming large file: /Users/nsearls/Documents/audio-embeddings/data2wav_in/test3.flac
2025-09-19 15:19:51,656 INFO Processing test3.flac in 1 chunks of 10.0s each
2025-09-19 15:19:51,815 INFO Chunk 1/1: 8.0s processed
2025-09-19 15:19:51,815 INFO File 15/15 -> test3.flac: CPU: 1222.6 -> 1232.5 MB (+10.0)
2025-09-19 15:19:51,816 INFO Processed 16 files successfully
2025-09-19 15:19:51,816 INFO Creating transcriptions from processed logits...
2025-09-19 15:20:25,917 INFO Processing 15 audio files...
2025-09-19 15:20:25,925 INFO Streaming large file: /Users/nsearls/Documents/audio-embeddings/data2wav_in/test4 copy 9.flac
2025-09-19 15:20:25,925 INFO Processing test4 copy 9.flac in 1 chunks of 10.0s each
2025-09-19 15:20:26,116 INFO Chunk 1/1: 6.7s processed
2025-09-19 15:20:26,116 INFO File 1/15 -> test4 copy 9.flac: CPU: 293.8 -> 907.3 MB (+613.5)
2025-09-19 15:20:26,117 INFO Streaming large file: /Users/nsearls/Documents/audio-embeddings/data2wav_in/noise_1hour_16k.flac
2025-09-19 15:20:26,117 INFO Processing noise_1hour_16k.flac in 3 chunks of 60.0s each
2025-09-19 15:20:27,650 INFO Chunk 1/3: 60.0s processed
2025-09-19 15:20:29,080 INFO Chunk 2/3: 60.0s processed
2025-09-19 15:20:30,535 INFO Chunk 3/3: 60.0s processed
2025-09-19 15:20:30,536 INFO File 2/15 -> noise_1hour_16k.flac: CPU: 907.3 -> 1108.6 MB (+201.3)
2025-09-19 15:20:30,537 INFO Streaming large file: /Users/nsearls/Documents/audio-embeddings/data2wav_in/test4 copy 5.flac
2025-09-19 15:20:30,537 INFO Processing test4 copy 5.flac in 1 chunks of 10.0s each
2025-09-19 15:20:30,685 INFO Chunk 1/1: 6.7s processed
2025-09-19 15:20:30,686 INFO File 3/15 -> test4 copy 5.flac: CPU: 1108.6 -> 1090.6 MB (+-18.0)
2025-09-19 15:20:30,687 INFO Streaming large file: /Users/nsearls/Documents/audio-embeddings/data2wav_in/mytest.flac
2025-09-19 15:20:30,687 INFO Processing mytest.flac in 1 chunks of 10.0s each
2025-09-19 15:20:30,824 INFO Chunk 1/1: 5.9s processed
2025-09-19 15:20:30,824 INFO File 4/15 -> mytest.flac: CPU: 1090.6 -> 1097.3 MB (+6.7)
2025-09-19 15:20:30,825 INFO Streaming large file: /Users/nsearls/Documents/audio-embeddings/data2wav_in/test4 copy 4.flac
2025-09-19 15:20:30,826 INFO Processing test4 copy 4.flac in 1 chunks of 10.0s each
2025-09-19 15:20:30,970 INFO Chunk 1/1: 6.7s processed
2025-09-19 15:20:30,970 INFO File 5/15 -> test4 copy 4.flac: CPU: 1097.3 -> 1097.3 MB (+0.0)
2025-09-19 15:20:30,971 INFO Streaming large file: /Users/nsearls/Documents/audio-embeddings/data2wav_in/test4 copy 8.flac
2025-09-19 15:20:30,972 INFO Processing test4 copy 8.flac in 1 chunks of 10.0s each
2025-09-19 15:20:31,110 INFO Chunk 1/1: 6.7s processed
2025-09-19 15:20:31,111 INFO File 6/15 -> test4 copy 8.flac: CPU: 1097.3 -> 1097.3 MB (+0.0)
2025-09-19 15:20:31,111 INFO Streaming large file: /Users/nsearls/Documents/audio-embeddings/data2wav_in/test4 copy 3.flac
2025-09-19 15:20:31,111 INFO Processing test4 copy 3.flac in 1 chunks of 10.0s each
2025-09-19 15:20:31,255 INFO Chunk 1/1: 6.7s processed
2025-09-19 15:20:31,255 INFO File 7/15 -> test4 copy 3.flac: CPU: 1097.3 -> 1097.3 MB (+0.0)
2025-09-19 15:20:31,256 INFO Streaming large file: /Users/nsearls/Documents/audio-embeddings/data2wav_in/test.flac
2025-09-19 15:20:31,257 INFO Processing test.flac in 2 chunks of 60.0s each
2025-09-19 15:20:32,868 INFO Chunk 1/2: 60.0s processed
2025-09-19 15:20:32,876 ERROR Error streaming test.flac: Error : unknown error in flac decoder.
2025-09-19 15:20:32,878 INFO Streaming large file: /Users/nsearls/Documents/audio-embeddings/data2wav_in/test4 copy 2.flac
2025-09-19 15:20:32,878 INFO Processing test4 copy 2.flac in 1 chunks of 10.0s each
2025-09-19 15:20:33,057 INFO Chunk 1/1: 6.7s processed
2025-09-19 15:20:33,058 INFO File 9/15 -> test4 copy 2.flac: CPU: 1121.2 -> 1096.3 MB (+-24.9)
2025-09-19 15:20:33,059 INFO Streaming large file: /Users/nsearls/Documents/audio-embeddings/data2wav_in/test4.flac
2025-09-19 15:20:33,060 INFO Processing test4.flac in 1 chunks of 10.0s each
2025-09-19 15:20:33,211 INFO Chunk 1/1: 6.7s processed
2025-09-19 15:20:33,212 INFO File 10/15 -> test4.flac: CPU: 1096.3 -> 1096.3 MB (+0.0)
2025-09-19 15:20:33,213 INFO Streaming large file: /Users/nsearls/Documents/audio-embeddings/data2wav_in/test2.flac
2025-09-19 15:20:33,213 INFO Processing test2.flac in 1 chunks of 14.2s each
2025-09-19 15:20:33,514 INFO Chunk 1/1: 14.2s processed
2025-09-19 15:20:33,514 INFO File 11/15 -> test2.flac: CPU: 1096.3 -> 1212.6 MB (+116.2)
2025-09-19 15:20:33,515 INFO Streaming large file: /Users/nsearls/Documents/audio-embeddings/data2wav_in/test4 copy 7.flac
2025-09-19 15:20:33,516 INFO Processing test4 copy 7.flac in 1 chunks of 10.0s each
2025-09-19 15:20:33,662 INFO Chunk 1/1: 6.7s processed
2025-09-19 15:20:33,663 INFO File 12/15 -> test4 copy 7.flac: CPU: 1212.6 -> 1212.6 MB (+0.0)
2025-09-19 15:20:33,664 INFO Streaming large file: /Users/nsearls/Documents/audio-embeddings/data2wav_in/test4 copy.flac
2025-09-19 15:20:33,664 INFO Processing test4 copy.flac in 1 chunks of 10.0s each
2025-09-19 15:20:33,801 INFO Chunk 1/1: 6.7s processed
2025-09-19 15:20:33,801 INFO File 13/15 -> test4 copy.flac: CPU: 1212.6 -> 1212.6 MB (+0.0)
2025-09-19 15:20:33,802 INFO Streaming large file: /Users/nsearls/Documents/audio-embeddings/data2wav_in/test4 copy 6.flac
2025-09-19 15:20:33,802 INFO Processing test4 copy 6.flac in 1 chunks of 10.0s each
2025-09-19 15:20:33,952 INFO Chunk 1/1: 6.7s processed
2025-09-19 15:20:33,952 INFO File 14/15 -> test4 copy 6.flac: CPU: 1212.6 -> 1212.6 MB (+0.0)
2025-09-19 15:20:33,953 INFO Streaming large file: /Users/nsearls/Documents/audio-embeddings/data2wav_in/test3.flac
2025-09-19 15:20:33,954 INFO Processing test3.flac in 1 chunks of 10.0s each
2025-09-19 15:20:34,115 INFO Chunk 1/1: 8.0s processed
2025-09-19 15:20:34,115 INFO File 15/15 -> test3.flac: CPU: 1212.6 -> 1222.6 MB (+10.0)
2025-09-19 15:20:34,116 INFO Processed 16 files successfully
2025-09-19 15:20:34,116 INFO Creating transcriptions from processed logits...
2025-09-19 15:20:34,123 INFO Merged 1 chunks for test4 copy 9
2025-09-19 15:20:34,124 INFO Merged 1 chunks for test4 copy 6
2025-09-19 15:20:34,124 INFO Merged 1 chunks for test4
2025-09-19 15:20:34,124 INFO Merged 3 chunks for noise_1hour_16k
2025-09-19 15:20:34,124 INFO Merged 1 chunks for test4 copy 3
2025-09-19 15:20:34,124 INFO Merged 1 chunks for test4 copy 8
2025-09-19 15:20:34,125 INFO Merged 1 chunks for test4 copy
2025-09-19 15:20:34,125 INFO Merged 1 chunks for mytest
2025-09-19 15:20:34,125 INFO Merged 1 chunks for test4 copy 2
2025-09-19 15:20:34,125 INFO Merged 1 chunks for test4 copy 7
2025-09-19 15:20:34,125 INFO Merged 1 chunks for test3
2025-09-19 15:20:34,125 INFO Merged 1 chunks for test4 copy 4
2025-09-19 15:20:34,126 INFO Merged 1 chunks for test2
2025-09-19 15:20:34,126 INFO Merged 1 chunks for test4 copy 5
2025-09-26 12:48:05,630 INFO Processing 15 audio files...
2025-09-26 12:48:05,640 INFO Streaming large file: /Users/nsearls/Documents/audio-embeddings/data2wav_in/test4 copy 9.flac
2025-09-26 12:48:05,641 INFO Processing test4 copy 9.flac in 1 chunks of 10.0s each
2025-09-26 12:48:06,688 INFO Chunk 1/1: 6.7s processed
2025-09-26 12:48:06,689 INFO File 1/15 -> test4 copy 9.flac: CPU: 289.8 -> 821.2 MB (+531.4)
2025-09-26 12:48:06,689 INFO Streaming large file: /Users/nsearls/Documents/audio-embeddings/data2wav_in/noise_1hour_16k.flac
2025-09-26 12:48:06,690 INFO Processing noise_1hour_16k.flac in 3 chunks of 60.0s each
2025-09-26 12:48:08,358 INFO Chunk 1/3: 60.0s processed
2025-09-26 12:48:09,961 INFO Chunk 2/3: 60.0s processed
2025-09-26 12:48:11,532 INFO Chunk 3/3: 60.0s processed
2025-09-26 12:48:11,533 INFO File 2/15 -> noise_1hour_16k.flac: CPU: 821.3 -> 1053.5 MB (+232.2)
2025-09-26 12:48:11,534 INFO Streaming large file: /Users/nsearls/Documents/audio-embeddings/data2wav_in/test4 copy 5.flac
2025-09-26 12:48:11,534 INFO Processing test4 copy 5.flac in 1 chunks of 10.0s each
2025-09-26 12:48:11,680 INFO Chunk 1/1: 6.7s processed
2025-09-26 12:48:11,681 INFO File 3/15 -> test4 copy 5.flac: CPU: 1053.5 -> 1055.6 MB (+2.2)
2025-09-26 12:48:11,681 INFO Streaming large file: /Users/nsearls/Documents/audio-embeddings/data2wav_in/mytest.flac
2025-09-26 12:48:11,681 INFO Processing mytest.flac in 1 chunks of 10.0s each
2025-09-26 12:48:11,812 INFO Chunk 1/1: 5.9s processed
2025-09-26 12:48:11,813 INFO File 4/15 -> mytest.flac: CPU: 1055.6 -> 1064.6 MB (+9.0)
2025-09-26 12:48:11,813 INFO Streaming large file: /Users/nsearls/Documents/audio-embeddings/data2wav_in/test4 copy 4.flac
2025-09-26 12:48:11,813 INFO Processing test4 copy 4.flac in 1 chunks of 10.0s each
2025-09-26 12:48:11,957 INFO Chunk 1/1: 6.7s processed
2025-09-26 12:48:11,958 INFO File 5/15 -> test4 copy 4.flac: CPU: 1064.6 -> 1065.8 MB (+1.1)
2025-09-26 12:48:11,958 INFO Streaming large file: /Users/nsearls/Documents/audio-embeddings/data2wav_in/test4 copy 8.flac
2025-09-26 12:48:11,958 INFO Processing test4 copy 8.flac in 1 chunks of 10.0s each
2025-09-26 13:12:35,318 INFO Processing 8 audio files...
2025-09-26 13:12:35,336 INFO Streaming large file: /Users/nsearls/Documents/audio-embeddings/data2wav_in/noise_1hour_16k.flac
2025-09-26 13:12:35,336 INFO Processing noise_1hour_16k.flac in 3 chunks of 60.0s each
2025-09-26 13:12:38,187 INFO Chunk 1/3: 60.0s processed
2025-09-26 13:12:39,760 INFO Chunk 2/3: 60.0s processed
2025-09-26 13:12:41,305 INFO Chunk 3/3: 60.0s processed
2025-09-26 13:12:41,307 INFO File 1/8 -> noise_1hour_16k.flac: CPU: 294.0 -> 892.4 MB (+598.5)
2025-09-26 13:12:41,307 INFO Streaming large file: /Users/nsearls/Documents/audio-embeddings/data2wav_in/mytest.flac
2025-09-26 13:12:41,308 INFO Processing mytest.flac in 1 chunks of 10.0s each
2025-09-26 13:12:41,452 INFO Chunk 1/1: 5.9s processed
2025-09-26 13:12:41,452 INFO File 2/8 -> mytest.flac: CPU: 892.7 -> 916.0 MB (+23.3)
2025-09-26 13:12:41,453 INFO Streaming large file: /Users/nsearls/Documents/audio-embeddings/data2wav_in/Sample_HV_Clip.wav
2025-09-26 13:12:41,453 INFO Processing Sample_HV_Clip.wav in 4 chunks of 60.0s each
2025-09-26 13:12:43,074 INFO Chunk 1/4: 60.0s processed
2025-09-26 13:12:44,567 INFO Chunk 2/4: 60.0s processed
2025-09-26 13:12:46,141 INFO Chunk 3/4: 60.0s processed
2025-09-26 13:12:47,028 INFO Chunk 4/4: 38.4s processed
2025-09-26 13:12:47,030 INFO File 3/8 -> Sample_HV_Clip.wav: CPU: 916.0 -> 1295.7 MB (+379.6)
2025-09-26 13:12:47,030 INFO Streaming large file: /Users/nsearls/Documents/audio-embeddings/data2wav_in/test.flac
2025-09-26 13:12:47,030 INFO Processing test.flac in 2 chunks of 60.0s each
2025-09-26 13:12:48,736 INFO Chunk 1/2: 60.0s processed
2025-09-26 13:12:48,744 ERROR Error streaming test.flac: Error : unknown error in flac decoder.
2025-09-26 13:12:48,747 INFO Streaming large file: /Users/nsearls/Documents/audio-embeddings/data2wav_in/test4.flac
2025-09-26 13:12:48,747 INFO Processing test4.flac in 1 chunks of 10.0s each
2025-09-26 13:12:48,923 INFO Chunk 1/1: 6.7s processed
2025-09-26 13:12:48,923 INFO File 5/8 -> test4.flac: CPU: 957.0 -> 970.8 MB (+13.8)
2025-09-26 13:12:48,924 INFO Streaming large file: /Users/nsearls/Documents/audio-embeddings/data2wav_in/test2.flac
2025-09-26 13:12:48,924 INFO Processing test2.flac in 1 chunks of 14.2s each
2025-09-26 13:12:49,231 INFO Chunk 1/1: 14.2s processed
2025-09-26 13:12:49,232 INFO File 6/8 -> test2.flac: CPU: 970.8 -> 1068.1 MB (+97.3)
2025-09-26 13:12:49,233 INFO Streaming large file: /Users/nsearls/Documents/audio-embeddings/data2wav_in/test4 copy.flac
2025-09-26 13:12:49,233 INFO Processing test4 copy.flac in 1 chunks of 10.0s each
2025-09-26 13:12:49,392 INFO Chunk 1/1: 6.7s processed
2025-09-26 13:12:49,392 INFO File 7/8 -> test4 copy.flac: CPU: 1068.1 -> 1077.1 MB (+9.0)
2025-09-26 13:12:49,393 INFO Streaming large file: /Users/nsearls/Documents/audio-embeddings/data2wav_in/test3.flac
2025-09-26 13:12:49,393 INFO Processing test3.flac in 1 chunks of 10.0s each
2025-09-26 13:12:49,568 INFO Chunk 1/1: 8.0s processed
2025-09-26 13:12:49,569 INFO File 8/8 -> test3.flac: CPU: 1077.1 -> 1077.1 MB (+0.0)
2025-09-26 13:12:49,569 INFO Processed 12 files successfully
2025-09-26 13:12:49,569 INFO Creating transcriptions from processed logits...
2025-09-26 13:12:49,585 INFO Merged 4 chunks for Sample_HV_Clip
2025-09-26 13:12:49,585 INFO Merged 1 chunks for test4
2025-09-26 13:12:49,586 INFO Merged 3 chunks for noise_1hour_16k
2025-09-26 13:12:49,586 INFO Merged 1 chunks for test4 copy
2025-09-26 13:12:49,586 INFO Merged 1 chunks for mytest
2025-09-26 13:12:49,586 INFO Merged 1 chunks for test3
2025-09-26 13:12:49,586 INFO Merged 1 chunks for test2
2025-09-29 14:30:13,954 INFO Processing 8 audio files...
2025-09-29 14:30:13,968 INFO Streaming large file: /Users/nsearls/Documents/audio-embeddings/data2wav_in/noise_1hour_16k.flac
2025-09-29 14:30:13,968 INFO Processing noise_1hour_16k.flac in 3 chunks of 60.0s each
2025-09-29 14:30:16,619 INFO Chunk 1/3: 60.0s processed
2025-09-29 14:30:18,147 INFO Chunk 2/3: 60.0s processed
2025-09-29 14:30:19,692 INFO Chunk 3/3: 60.0s processed
2025-09-29 14:30:19,693 INFO File 1/8 -> noise_1hour_16k.flac: CPU: 291.6 -> 1069.6 MB (+778.0)
2025-09-29 14:30:19,825 INFO File 2/8 -> mytest.flac: CPU: 1069.8 -> 1082.7 MB (+12.9)
2025-09-29 14:30:19,827 INFO Streaming large file: /Users/nsearls/Documents/audio-embeddings/data2wav_in/Sample_HV_Clip.wav
2025-09-29 14:30:19,827 INFO Processing Sample_HV_Clip.wav in 4 chunks of 60.0s each
2025-09-29 14:30:21,283 INFO Chunk 1/4: 60.0s processed
2025-09-29 14:30:22,742 INFO Chunk 2/4: 60.0s processed
2025-09-29 14:30:24,229 INFO Chunk 3/4: 60.0s processed
2025-09-29 14:30:25,074 INFO Chunk 4/4: 38.4s processed
2025-09-29 14:30:25,074 INFO File 3/8 -> Sample_HV_Clip.wav: CPU: 1082.7 -> 1426.1 MB (+343.5)
2025-09-29 14:30:25,095 ERROR Error reading test.flac: Error : unknown error in flac decoder.
2025-09-29 14:30:25,244 INFO File 5/8 -> test4.flac: CPU: 1426.2 -> 1427.9 MB (+1.7)
2025-09-29 14:30:25,541 INFO File 6/8 -> test2.flac: CPU: 1427.9 -> 1430.3 MB (+2.4)
2025-09-29 14:30:25,693 INFO File 7/8 -> test4 copy.flac: CPU: 1430.3 -> 1430.6 MB (+0.3)
2025-09-29 14:30:25,861 INFO File 8/8 -> test3.flac: CPU: 1430.6 -> 1430.6 MB (+0.0)
2025-09-29 14:30:25,862 INFO Processed 12 files successfully
